-Xajruntimetarget:1.5
-Xlint:ignore
-1.6
-encoding
UTF-8
-source
1.6
-target
1.6
-classpath
/home/diego/.m2/repository/org/springframework/boot/spring-boot-starter/1.4.1.RELEASE/spring-boot-starter-1.4.1.RELEASE.jar:/home/diego/.m2/repository/org/springframework/boot/spring-boot-starter-test/1.4.1.RELEASE/spring-boot-starter-test-1.4.1.RELEASE.jar:/home/diego/.m2/repository/org/springframework/boot/spring-boot-devtools/1.4.1.RELEASE/spring-boot-devtools-1.4.1.RELEASE.jar:/home/diego/.m2/repository/org/springframework/roo/org.springframework.roo.annotations/2.0.0.RELEASE/org.springframework.roo.annotations-2.0.0.RELEASE.pom:/home/diego/.m2/repository/org/aspectj/aspectjrt/1.8.9/aspectjrt-1.8.9.jar:/home/diego/.m2/repository/org/apache/commons/commons-lang3/3.4/commons-lang3-3.4.jar:/home/diego/.m2/repository/org/assertj/assertj-core/2.5.0/assertj-core-2.5.0.jar:/home/diego/.m2/repository/org/springframework/boot/spring-boot-starter-data-jpa/1.4.1.RELEASE/spring-boot-starter-data-jpa-1.4.1.RELEASE.jar:/home/diego/.m2/repository/org/springframework/boot/spring-boot-starter-jdbc/1.4.1.RELEASE/spring-boot-starter-jdbc-1.4.1.RELEASE.jar:/home/diego/.m2/repository/mysql/mysql-connector-java/5.1.39/mysql-connector-java-5.1.39.jar:/home/diego/.m2/repository/io/springlets/springlets-data-jpa/1.2.0.RELEASE/springlets-data-jpa-1.2.0.RELEASE.jar:/home/diego/.m2/repository/io/springlets/springlets-data-commons/1.2.0.RELEASE/springlets-data-commons-1.2.0.RELEASE.jar:/home/diego/.m2/repository/io/springlets/springlets-context/1.2.0.RELEASE/springlets-context-1.2.0.RELEASE.jar:/home/diego/.m2/repository/javax/validation/validation-api/1.1.0.Final/validation-api-1.1.0.Final.jar:/home/diego/.m2/repository/com/querydsl/querydsl-jpa/4.1.4/querydsl-jpa-4.1.4.jar:/home/diego/.m2/repository/org/springframework/roo/org.springframework.roo.querydsl.processor/2.0.0.RELEASE/org.springframework.roo.querydsl.processor-2.0.0.RELEASE.jar:/home/diego/.m2/repository/org/springframework/boot/spring-boot-starter-web/1.4.1.RELEASE/spring-boot-starter-web-1.4.1.RELEASE.jar:/home/diego/.m2/repository/joda-time/joda-time/2.9.4/joda-time-2.9.4.jar:/home/diego/.m2/repository/io/tracee/binding/tracee-springmvc/1.1.2/tracee-springmvc-1.1.2.jar:/home/diego/.m2/repository/io/springlets/springlets-boot-starter-web/1.2.0.RELEASE/springlets-boot-starter-web-1.2.0.RELEASE.jar:/home/diego/.m2/repository/org/springframework/boot/spring-boot-starter-thymeleaf/1.4.1.RELEASE/spring-boot-starter-thymeleaf-1.4.1.RELEASE.jar:/home/diego/.m2/repository/nz/net/ultraq/thymeleaf/thymeleaf-layout-dialect/2.0.0/thymeleaf-layout-dialect-2.0.0.jar:/home/diego/.m2/repository/com/github/mxab/thymeleaf/extras/thymeleaf-extras-data-attribute/2.0.1/thymeleaf-extras-data-attribute-2.0.1.jar:/home/diego/.m2/repository/ar/com/fdvs/DynamicJasper/5.0.11/DynamicJasper-5.0.11.jar:/home/diego/.m2/repository/ar/com/fdvs/DynamicJasper-core-fonts/1.0/DynamicJasper-core-fonts-1.0.jar:/home/diego/.m2/repository/org/apache/poi/poi/3.14/poi-3.14.jar:/home/diego/.m2/repository/org/springframework/spring-context-support/4.3.3.RELEASE/spring-context-support-4.3.3.RELEASE.jar:/home/diego/.m2/repository/org/webjars/webjars-locator/0.32/webjars-locator-0.32.jar:/home/diego/.m2/repository/org/webjars/bower/bootstrap/3.3.6/bootstrap-3.3.6.jar:/home/diego/.m2/repository/org/webjars/bower/datatables/1.10.12/datatables-1.10.12.jar:/home/diego/.m2/repository/org/webjars/bower/datatables.net-bs/1.10.11/datatables.net-bs-1.10.11.jar:/home/diego/.m2/repository/org/webjars/bower/datatables.net-buttons/1.1.2/datatables.net-buttons-1.1.2.jar:/home/diego/.m2/repository/org/webjars/bower/datatables.net-buttons-bs/1.1.2/datatables.net-buttons-bs-1.1.2.jar:/home/diego/.m2/repository/org/webjars/bower/datatables.net-responsive/2.0.2/datatables.net-responsive-2.0.2.jar:/home/diego/.m2/repository/org/webjars/bower/datatables.net-responsive-bs/2.0.2/datatables.net-responsive-bs-2.0.2.jar:/home/diego/.m2/repository/org/webjars/bower/datatables.net-select/1.1.2/datatables.net-select-1.1.2.jar:/home/diego/.m2/repository/org/webjars/bower/datatables.net-select-bs/1.1.2/datatables.net-select-bs-1.1.2.jar:/home/diego/.m2/repository/org/webjars/npm/jquery-datatables-checkboxes/1.1.2/jquery-datatables-checkboxes-1.1.2.jar:/home/diego/.m2/repository/org/webjars/bower/github-com-julmot-datatables-mark-js/2.0.0/github-com-julmot-datatables-mark-js-2.0.0.jar:/home/diego/.m2/repository/org/webjars/bower/datetimepicker/2.5.4/datetimepicker-2.5.4.jar:/home/diego/.m2/repository/org/webjars/bower/font-awesome/4.6.2/font-awesome-4.6.2.jar:/home/diego/.m2/repository/org/webjars/bower/jquery/1.12.3/jquery-1.12.3.jar:/home/diego/.m2/repository/org/webjars/jquery.inputmask/3.3.1/jquery.inputmask-3.3.1.jar:/home/diego/.m2/repository/org/webjars/bower/jquery-validation/1.15.0/jquery-validation-1.15.0.jar:/home/diego/.m2/repository/org/webjars/bower/momentjs/2.13.0/momentjs-2.13.0.jar:/home/diego/.m2/repository/org/webjars/bower/select2/4.0.3/select2-4.0.3.jar:/home/diego/.m2/repository/org/webjars/bower/select2-bootstrap-theme/0.1.0-beta.7/select2-bootstrap-theme-0.1.0-beta.7.jar:/home/diego/.m2/repository/org/webjars/respond/1.4.2/respond-1.4.2.jar:/home/diego/.m2/repository/org/webjars/html5shiv/3.7.3/html5shiv-3.7.3.jar:/home/diego/.m2/repository/org/webjars/bower/ie10-viewport-bug-workaround/1.0.3/ie10-viewport-bug-workaround-1.0.3.jar:/home/diego/.m2/repository/org/springframework/boot/spring-boot-starter-security/1.4.1.RELEASE/spring-boot-starter-security-1.4.1.RELEASE.jar:/home/diego/.m2/repository/org/thymeleaf/extras/thymeleaf-extras-springsecurity4/3.0.0.RELEASE/thymeleaf-extras-springsecurity4-3.0.0.RELEASE.jar:/home/diego/.m2/repository/io/springlets/springlets-boot-starter-data-jpa/1.2.0.RELEASE/springlets-boot-starter-data-jpa-1.2.0.RELEASE.jar:/home/diego/.m2/repository/org/springframework/boot/spring-boot/1.4.1.RELEASE/spring-boot-1.4.1.RELEASE.jar:/home/diego/.m2/repository/org/springframework/boot/spring-boot-autoconfigure/1.4.1.RELEASE/spring-boot-autoconfigure-1.4.1.RELEASE.jar:/home/diego/.m2/repository/org/springframework/boot/spring-boot-starter-logging/1.4.1.RELEASE/spring-boot-starter-logging-1.4.1.RELEASE.jar:/home/diego/.m2/repository/ch/qos/logback/logback-classic/1.1.7/logback-classic-1.1.7.jar:/home/diego/.m2/repository/ch/qos/logback/logback-core/1.1.7/logback-core-1.1.7.jar:/home/diego/.m2/repository/org/slf4j/jcl-over-slf4j/1.7.21/jcl-over-slf4j-1.7.21.jar:/home/diego/.m2/repository/org/slf4j/jul-to-slf4j/1.7.21/jul-to-slf4j-1.7.21.jar:/home/diego/.m2/repository/org/slf4j/log4j-over-slf4j/1.7.21/log4j-over-slf4j-1.7.21.jar:/home/diego/.m2/repository/org/springframework/spring-core/4.3.3.RELEASE/spring-core-4.3.3.RELEASE.jar:/home/diego/.m2/repository/org/springframework/roo/org.springframework.roo.addon.configurable.annotations/2.0.0.RELEASE/org.springframework.roo.addon.configurable.annotations-2.0.0.RELEASE.jar:/home/diego/.m2/repository/org/springframework/roo/org.springframework.roo.addon.javabean.annotations/2.0.0.RELEASE/org.springframework.roo.addon.javabean.annotations-2.0.0.RELEASE.jar:/home/diego/.m2/repository/org/springframework/roo/org.springframework.roo.addon.jpa.annotations/2.0.0.RELEASE/org.springframework.roo.addon.jpa.annotations-2.0.0.RELEASE.jar:/home/diego/.m2/repository/org/springframework/roo/org.springframework.roo.addon.layers.repository.jpa.annotations/2.0.0.RELEASE/org.springframework.roo.addon.layers.repository.jpa.annotations-2.0.0.RELEASE.jar:/home/diego/.m2/repository/org/springframework/roo/org.springframework.roo.addon.layers.service.annotations/2.0.0.RELEASE/org.springframework.roo.addon.layers.service.annotations-2.0.0.RELEASE.jar:/home/diego/.m2/repository/org/springframework/roo/org.springframework.roo.addon.plural.annotations/2.0.0.RELEASE/org.springframework.roo.addon.plural.annotations-2.0.0.RELEASE.jar:/home/diego/.m2/repository/org/springframework/roo/org.springframework.roo.addon.security.annotations/2.0.0.RELEASE/org.springframework.roo.addon.security.annotations-2.0.0.RELEASE.jar:/home/diego/.m2/repository/org/springframework/roo/org.springframework.roo.addon.web.mvc.controller.annotations/2.0.0.RELEASE/org.springframework.roo.addon.web.mvc.controller.annotations-2.0.0.RELEASE.jar:/home/diego/.m2/repository/org/springframework/roo/org.springframework.roo.addon.web.mvc.exceptions.annotations/2.0.0.RELEASE/org.springframework.roo.addon.web.mvc.exceptions.annotations-2.0.0.RELEASE.jar:/home/diego/.m2/repository/org/springframework/roo/org.springframework.roo.addon.web.mvc.thymeleaf.annotations/2.0.0.RELEASE/org.springframework.roo.addon.web.mvc.thymeleaf.annotations-2.0.0.RELEASE.jar:/home/diego/.m2/repository/org/springframework/roo/org.springframework.roo.classpath/2.0.0.RELEASE/org.springframework.roo.classpath-2.0.0.RELEASE.jar:/home/diego/.m2/repository/org/apache/felix/org.apache.felix.scr.annotations/1.9.12/org.apache.felix.scr.annotations-1.9.12.jar:/home/diego/.m2/repository/org/springframework/roo/org.springframework.roo.file.monitor/2.0.0.RELEASE/org.springframework.roo.file.monitor-2.0.0.RELEASE.jar:/home/diego/.m2/repository/org/springframework/roo/org.springframework.roo.file.undo/2.0.0.RELEASE/org.springframework.roo.file.undo-2.0.0.RELEASE.jar:/home/diego/.m2/repository/org/springframework/roo/org.springframework.roo.metadata/2.0.0.RELEASE/org.springframework.roo.metadata-2.0.0.RELEASE.jar:/home/diego/.m2/repository/org/springframework/roo/org.springframework.roo.model/2.0.0.RELEASE/org.springframework.roo.model-2.0.0.RELEASE.jar:/home/diego/.m2/repository/org/springframework/roo/org.springframework.roo.process.manager/2.0.0.RELEASE/org.springframework.roo.process.manager-2.0.0.RELEASE.jar:/home/diego/.m2/repository/org/springframework/roo/org.springframework.roo.shell.osgi/2.0.0.RELEASE/org.springframework.roo.shell.osgi-2.0.0.RELEASE.jar:/home/diego/.m2/repository/org/springframework/roo/org.springframework.roo.project/2.0.0.RELEASE/org.springframework.roo.project-2.0.0.RELEASE.jar:/home/diego/.m2/repository/org/apache/felix/org.apache.felix.framework/5.4.0/org.apache.felix.framework-5.4.0.jar:/home/diego/.m2/repository/org/springframework/roo/org.springframework.roo.shell/2.0.0.RELEASE/org.springframework.roo.shell-2.0.0.RELEASE.jar:/home/diego/.m2/repository/org/springframework/roo/org.springframework.roo.support/2.0.0.RELEASE/org.springframework.roo.support-2.0.0.RELEASE.jar:/home/diego/.m2/repository/commons-io/commons-io/2.5/commons-io-2.5.jar:/home/diego/.m2/repository/org/springframework/roo/org.springframework.roo.settings/2.0.0.RELEASE/org.springframework.roo.settings-2.0.0.RELEASE.jar:/home/diego/.m2/repository/org/springframework/roo/org.springframework.roo.propfiles.manager/2.0.0.RELEASE/org.springframework.roo.propfiles.manager-2.0.0.RELEASE.jar:/home/diego/.m2/repository/org/springframework/roo/wrapping/org.springframework.roo.wrapping.inflector/0.7.0.010/org.springframework.roo.wrapping.inflector-0.7.0.010.jar:/home/diego/.m2/repository/org/springframework/roo/org.springframework.roo.addon.dto.annotations/2.0.0.RELEASE/org.springframework.roo.addon.dto.annotations-2.0.0.RELEASE.jar:/home/diego/.m2/repository/org/springframework/roo/org.springframework.roo.addon.ws.annotations/2.0.0.RELEASE/org.springframework.roo.addon.ws.annotations-2.0.0.RELEASE.jar:/home/diego/.m2/repository/org/springframework/boot/spring-boot-starter-aop/1.4.1.RELEASE/spring-boot-starter-aop-1.4.1.RELEASE.jar:/home/diego/.m2/repository/org/aspectj/aspectjweaver/1.8.9/aspectjweaver-1.8.9.jar:/home/diego/.m2/repository/org/hibernate/hibernate-core/5.0.11.Final/hibernate-core-5.0.11.Final.jar:/home/diego/.m2/repository/org/jboss/logging/jboss-logging/3.3.0.Final/jboss-logging-3.3.0.Final.jar:/home/diego/.m2/repository/org/hibernate/javax/persistence/hibernate-jpa-2.1-api/1.0.0.Final/hibernate-jpa-2.1-api-1.0.0.Final.jar:/home/diego/.m2/repository/org/javassist/javassist/3.20.0-GA/javassist-3.20.0-GA.jar:/home/diego/.m2/repository/antlr/antlr/2.7.7/antlr-2.7.7.jar:/home/diego/.m2/repository/org/jboss/jandex/2.0.0.Final/jandex-2.0.0.Final.jar:/home/diego/.m2/repository/dom4j/dom4j/1.6.1/dom4j-1.6.1.jar:/home/diego/.m2/repository/xml-apis/xml-apis/1.4.01/xml-apis-1.4.01.jar:/home/diego/.m2/repository/org/hibernate/common/hibernate-commons-annotations/5.0.1.Final/hibernate-commons-annotations-5.0.1.Final.jar:/home/diego/.m2/repository/org/hibernate/hibernate-entitymanager/5.0.11.Final/hibernate-entitymanager-5.0.11.Final.jar:/home/diego/.m2/repository/javax/transaction/javax.transaction-api/1.2/javax.transaction-api-1.2.jar:/home/diego/.m2/repository/org/springframework/data/spring-data-jpa/1.10.3.RELEASE/spring-data-jpa-1.10.3.RELEASE.jar:/home/diego/.m2/repository/org/springframework/data/spring-data-commons/1.12.3.RELEASE/spring-data-commons-1.12.3.RELEASE.jar:/home/diego/.m2/repository/org/springframework/spring-orm/4.3.3.RELEASE/spring-orm-4.3.3.RELEASE.jar:/home/diego/.m2/repository/org/springframework/spring-tx/4.3.3.RELEASE/spring-tx-4.3.3.RELEASE.jar:/home/diego/.m2/repository/org/springframework/spring-aspects/4.3.3.RELEASE/spring-aspects-4.3.3.RELEASE.jar:/home/diego/.m2/repository/org/apache/tomcat/tomcat-jdbc/8.5.5/tomcat-jdbc-8.5.5.jar:/home/diego/.m2/repository/org/apache/tomcat/tomcat-juli/8.5.5/tomcat-juli-8.5.5.jar:/home/diego/.m2/repository/org/springframework/spring-jdbc/4.3.3.RELEASE/spring-jdbc-4.3.3.RELEASE.jar:/home/diego/.m2/repository/commons-codec/commons-codec/1.10/commons-codec-1.10.jar:/home/diego/.m2/repository/com/querydsl/querydsl-core/4.1.4/querydsl-core-4.1.4.jar:/home/diego/.m2/repository/com/google/guava/guava/17.0/guava-17.0.jar:/home/diego/.m2/repository/com/google/code/findbugs/jsr305/3.0.1/jsr305-3.0.1.jar:/home/diego/.m2/repository/com/mysema/commons/mysema-commons-lang/0.2.4/mysema-commons-lang-0.2.4.jar:/home/diego/.m2/repository/com/infradna/tool/bridge-method-annotation/1.13/bridge-method-annotation-1.13.jar:/home/diego/.m2/repository/org/slf4j/slf4j-api/1.7.21/slf4j-api-1.7.21.jar:/home/diego/.m2/repository/org/springframework/boot/spring-boot-starter-tomcat/1.4.1.RELEASE/spring-boot-starter-tomcat-1.4.1.RELEASE.jar:/home/diego/.m2/repository/org/apache/tomcat/embed/tomcat-embed-core/8.5.5/tomcat-embed-core-8.5.5.jar:/home/diego/.m2/repository/org/apache/tomcat/embed/tomcat-embed-el/8.5.5/tomcat-embed-el-8.5.5.jar:/home/diego/.m2/repository/org/apache/tomcat/embed/tomcat-embed-websocket/8.5.5/tomcat-embed-websocket-8.5.5.jar:/home/diego/.m2/repository/org/hibernate/hibernate-validator/5.2.4.Final/hibernate-validator-5.2.4.Final.jar:/home/diego/.m2/repository/com/fasterxml/classmate/1.3.1/classmate-1.3.1.jar:/home/diego/.m2/repository/com/fasterxml/jackson/core/jackson-databind/2.8.3/jackson-databind-2.8.3.jar:/home/diego/.m2/repository/com/fasterxml/jackson/core/jackson-annotations/2.8.3/jackson-annotations-2.8.3.jar:/home/diego/.m2/repository/com/fasterxml/jackson/core/jackson-core/2.8.3/jackson-core-2.8.3.jar:/home/diego/.m2/repository/org/springframework/spring-web/4.3.3.RELEASE/spring-web-4.3.3.RELEASE.jar:/home/diego/.m2/repository/org/springframework/spring-webmvc/4.3.3.RELEASE/spring-webmvc-4.3.3.RELEASE.jar:/home/diego/.m2/repository/org/springframework/spring-expression/4.3.3.RELEASE/spring-expression-4.3.3.RELEASE.jar:/home/diego/.m2/repository/io/tracee/tracee-api/1.1.2/tracee-api-1.1.2.jar:/home/diego/.m2/repository/io/tracee/tracee-core/1.1.2/tracee-core-1.1.2.jar:/home/diego/.m2/repository/io/springlets/springlets-autoconfigure/1.2.0.RELEASE/springlets-autoconfigure-1.2.0.RELEASE.jar:/home/diego/.m2/repository/io/springlets/springlets-web/1.2.0.RELEASE/springlets-web-1.2.0.RELEASE.jar:/home/diego/.m2/repository/com/fasterxml/jackson/datatype/jackson-datatype-hibernate5/2.8.3/jackson-datatype-hibernate5-2.8.3.jar:/home/diego/.m2/repository/javax/transaction/jta/1.1/jta-1.1.jar:/home/diego/.m2/repository/org/webjars/bower/bootstrap-fileinput/4.4.0/bootstrap-fileinput-4.4.0.jar:/home/diego/.m2/repository/org/thymeleaf/thymeleaf-spring4/3.0.0.RELEASE/thymeleaf-spring4-3.0.0.RELEASE.jar:/home/diego/.m2/repository/org/codehaus/groovy/groovy/2.4.7/groovy-2.4.7.jar:/home/diego/.m2/repository/nz/net/ultraq/thymeleaf/thymeleaf-expression-processor/1.1.0/thymeleaf-expression-processor-1.1.0.jar:/home/diego/.m2/repository/org/thymeleaf/thymeleaf/3.0.0.RELEASE/thymeleaf-3.0.0.RELEASE.jar:/home/diego/.m2/repository/ognl/ognl/3.1.3/ognl-3.1.3.jar:/home/diego/.m2/repository/org/attoparser/attoparser/2.0.0.RELEASE/attoparser-2.0.0.RELEASE.jar:/home/diego/.m2/repository/org/unbescape/unbescape/1.1.3.RELEASE/unbescape-1.1.3.RELEASE.jar:/home/diego/.m2/repository/net/sf/jasperreports/jasperreports/6.3.0/jasperreports-6.3.0.jar:/home/diego/.m2/repository/commons-digester/commons-digester/2.1/commons-digester-2.1.jar:/home/diego/.m2/repository/com/lowagie/itext/2.1.7/itext-2.1.7.jar:/home/diego/.m2/repository/org/bouncycastle/bctsp-jdk14/1.38/bctsp-jdk14-1.38.jar:/home/diego/.m2/repository/org/bouncycastle/bcprov-jdk14/1.38/bcprov-jdk14-1.38.jar:/home/diego/.m2/repository/org/bouncycastle/bcmail-jdk14/1.38/bcmail-jdk14-1.38.jar:/home/diego/.m2/repository/org/jfree/jcommon/1.0.23/jcommon-1.0.23.jar:/home/diego/.m2/repository/org/jfree/jfreechart/1.0.19/jfreechart-1.0.19.jar:/home/diego/.m2/repository/org/eclipse/jdt/core/compiler/ecj/4.3.1/ecj-4.3.1.jar:/home/diego/.m2/repository/org/codehaus/castor/castor-xml/1.4.1/castor-xml-1.4.1.jar:/home/diego/.m2/repository/org/codehaus/castor/castor-core/1.4.1/castor-core-1.4.1.jar:/home/diego/.m2/repository/org/apache/commons/commons-collections4/4.1/commons-collections4-4.1.jar:/home/diego/.m2/repository/javax/inject/javax.inject/1/javax.inject-1.jar:/home/diego/.m2/repository/org/apache/lucene/lucene-core/4.5.1/lucene-core-4.5.1.jar:/home/diego/.m2/repository/org/apache/lucene/lucene-analyzers-common/4.5.1/lucene-analyzers-common-4.5.1.jar:/home/diego/.m2/repository/org/apache/lucene/lucene-queryparser/4.5.1/lucene-queryparser-4.5.1.jar:/home/diego/.m2/repository/org/apache/lucene/lucene-queries/4.5.1/lucene-queries-4.5.1.jar:/home/diego/.m2/repository/org/apache/lucene/lucene-sandbox/4.5.1/lucene-sandbox-4.5.1.jar:/home/diego/.m2/repository/jakarta-regexp/jakarta-regexp/1.4/jakarta-regexp-1.4.jar:/home/diego/.m2/repository/org/olap4j/olap4j/0.9.7.309-JS-3/olap4j-0.9.7.309-JS-3.jar:/home/diego/.m2/repository/com/google/zxing/core/2.3.0/core-2.3.0.jar:/home/diego/.m2/repository/com/ibm/icu/icu4j/57.1/icu4j-57.1.jar:/home/diego/.m2/repository/commons-collections/commons-collections/3.2.2/commons-collections-3.2.2.jar:/home/diego/.m2/repository/commons-beanutils/commons-beanutils/1.9.2/commons-beanutils-1.9.2.jar:/home/diego/.m2/repository/org/springframework/spring-beans/4.3.3.RELEASE/spring-beans-4.3.3.RELEASE.jar:/home/diego/.m2/repository/org/springframework/spring-context/4.3.3.RELEASE/spring-context-4.3.3.RELEASE.jar:/home/diego/.m2/repository/org/webjars/webjars-locator-core/0.30/webjars-locator-core-0.30.jar:/home/diego/.m2/repository/org/apache/commons/commons-compress/1.9/commons-compress-1.9.jar:/home/diego/.m2/repository/org/webjars/bower/datatables.net/1.10.19/datatables.net-1.10.19.jar:/home/diego/.m2/repository/org/webjars/bower/mark.js/8.11.1/mark.js-8.11.1.jar:/home/diego/.m2/repository/org/webjars/bower/jquery-mousewheel/3.1.13/jquery-mousewheel-3.1.13.jar:/home/diego/.m2/repository/org/webjars/bower/php-date-formatter/1.3.5/php-date-formatter-1.3.5.jar:/home/diego/.m2/repository/org/springframework/spring-aop/4.3.3.RELEASE/spring-aop-4.3.3.RELEASE.jar:/home/diego/.m2/repository/org/springframework/security/spring-security-config/4.1.3.RELEASE/spring-security-config-4.1.3.RELEASE.jar:/home/diego/.m2/repository/org/springframework/security/spring-security-core/4.1.3.RELEASE/spring-security-core-4.1.3.RELEASE.jar:/home/diego/.m2/repository/org/springframework/security/spring-security-web/4.1.3.RELEASE/spring-security-web-4.1.3.RELEASE.jar:/home/diego/Spring/workspace-sts-3.9.1.RELEASE/apps/projetoLogic/target/classes
-d
/home/diego/Spring/workspace-sts-3.9.1.RELEASE/apps/projetoLogic/target/classes
/home/diego/Spring/workspace-sts-3.9.1.RELEASE/apps/projetoLogic/src/main/java/br/com/projetologic/service/impl/MotivoNegativaDescargaServiceImpl.java
/home/diego/Spring/workspace-sts-3.9.1.RELEASE/apps/projetoLogic/src/main/java/br/com/projetologic/service/impl/MotivoPerdaAgendaServiceImpl_Roo_Service_Impl.aj
/home/diego/Spring/workspace-sts-3.9.1.RELEASE/apps/projetoLogic/src/main/java/br/com/projetologic/service/impl/ContratoServiceImpl_Roo_Service_Impl.aj
/home/diego/Spring/workspace-sts-3.9.1.RELEASE/apps/projetoLogic/src/main/java/br/com/projetologic/service/impl/ModeloConjuntoServiceImpl_Roo_Service_Impl.aj
/home/diego/Spring/workspace-sts-3.9.1.RELEASE/apps/projetoLogic/src/main/java/br/com/projetologic/service/impl/MotivoPerdaAgendaServiceImpl.java
/home/diego/Spring/workspace-sts-3.9.1.RELEASE/apps/projetoLogic/src/main/java/br/com/projetologic/service/impl/RegraServiceImpl_Roo_Service_Impl.aj
/home/diego/Spring/workspace-sts-3.9.1.RELEASE/apps/projetoLogic/src/main/java/br/com/projetologic/service/impl/UsuarioServiceImpl.java
/home/diego/Spring/workspace-sts-3.9.1.RELEASE/apps/projetoLogic/src/main/java/br/com/projetologic/service/impl/ClienteServiceImpl_Roo_Service_Impl.aj
/home/diego/Spring/workspace-sts-3.9.1.RELEASE/apps/projetoLogic/src/main/java/br/com/projetologic/service/impl/MotivoNegativaDiariaServiceImpl_Roo_Service_Impl.aj
/home/diego/Spring/workspace-sts-3.9.1.RELEASE/apps/projetoLogic/src/main/java/br/com/projetologic/service/impl/ModeloConjuntoServiceImpl.java
/home/diego/Spring/workspace-sts-3.9.1.RELEASE/apps/projetoLogic/src/main/java/br/com/projetologic/service/impl/ModeloVeiculoServiceImpl.java
/home/diego/Spring/workspace-sts-3.9.1.RELEASE/apps/projetoLogic/src/main/java/br/com/projetologic/service/impl/MotoristaServiceImpl_Roo_Service_Impl.aj
/home/diego/Spring/workspace-sts-3.9.1.RELEASE/apps/projetoLogic/src/main/java/br/com/projetologic/service/impl/ModeloVeiculoServiceImpl_Roo_Service_Impl.aj
/home/diego/Spring/workspace-sts-3.9.1.RELEASE/apps/projetoLogic/src/main/java/br/com/projetologic/service/impl/EmbarcadorServiceImpl_Roo_Service_Impl.aj
/home/diego/Spring/workspace-sts-3.9.1.RELEASE/apps/projetoLogic/src/main/java/br/com/projetologic/service/impl/ViagemServiceImpl.java
/home/diego/Spring/workspace-sts-3.9.1.RELEASE/apps/projetoLogic/src/main/java/br/com/projetologic/service/impl/ClienteServiceImpl.java
/home/diego/Spring/workspace-sts-3.9.1.RELEASE/apps/projetoLogic/src/main/java/br/com/projetologic/service/impl/ContratoServiceImpl.java
/home/diego/Spring/workspace-sts-3.9.1.RELEASE/apps/projetoLogic/src/main/java/br/com/projetologic/service/impl/ProdutoDevolvidoServiceImpl_Roo_Service_Impl.aj
/home/diego/Spring/workspace-sts-3.9.1.RELEASE/apps/projetoLogic/src/main/java/br/com/projetologic/service/impl/UsuarioServiceImpl_Roo_Service_Impl.aj
/home/diego/Spring/workspace-sts-3.9.1.RELEASE/apps/projetoLogic/src/main/java/br/com/projetologic/service/impl/ViagemServiceImpl_Roo_Service_Impl.aj
/home/diego/Spring/workspace-sts-3.9.1.RELEASE/apps/projetoLogic/src/main/java/br/com/projetologic/service/impl/ProdutoDevolvidoServiceImpl.java
/home/diego/Spring/workspace-sts-3.9.1.RELEASE/apps/projetoLogic/src/main/java/br/com/projetologic/service/impl/EmbarcadorServiceImpl.java
/home/diego/Spring/workspace-sts-3.9.1.RELEASE/apps/projetoLogic/src/main/java/br/com/projetologic/service/impl/VeiculoServiceImpl.java
/home/diego/Spring/workspace-sts-3.9.1.RELEASE/apps/projetoLogic/src/main/java/br/com/projetologic/service/impl/MotoristaServiceImpl.java
/home/diego/Spring/workspace-sts-3.9.1.RELEASE/apps/projetoLogic/src/main/java/br/com/projetologic/service/impl/VeiculoServiceImpl_Roo_Service_Impl.aj
/home/diego/Spring/workspace-sts-3.9.1.RELEASE/apps/projetoLogic/src/main/java/br/com/projetologic/service/impl/MotivoNegativaDescargaServiceImpl_Roo_Service_Impl.aj
/home/diego/Spring/workspace-sts-3.9.1.RELEASE/apps/projetoLogic/src/main/java/br/com/projetologic/service/impl/RegraServiceImpl.java
/home/diego/Spring/workspace-sts-3.9.1.RELEASE/apps/projetoLogic/src/main/java/br/com/projetologic/service/impl/MotivoNegativaDiariaServiceImpl.java
/home/diego/Spring/workspace-sts-3.9.1.RELEASE/apps/projetoLogic/src/main/java/br/com/projetologic/service/api/ContratoService.java
/home/diego/Spring/workspace-sts-3.9.1.RELEASE/apps/projetoLogic/src/main/java/br/com/projetologic/service/api/ViagemService_Roo_Service.aj
/home/diego/Spring/workspace-sts-3.9.1.RELEASE/apps/projetoLogic/src/main/java/br/com/projetologic/service/api/MotivoNegativaDescargaService.java
/home/diego/Spring/workspace-sts-3.9.1.RELEASE/apps/projetoLogic/src/main/java/br/com/projetologic/service/api/MotoristaService_Roo_Service.aj
/home/diego/Spring/workspace-sts-3.9.1.RELEASE/apps/projetoLogic/src/main/java/br/com/projetologic/service/api/MotivoPerdaAgendaService_Roo_Service.aj
/home/diego/Spring/workspace-sts-3.9.1.RELEASE/apps/projetoLogic/src/main/java/br/com/projetologic/service/api/MotoristaService.java
/home/diego/Spring/workspace-sts-3.9.1.RELEASE/apps/projetoLogic/src/main/java/br/com/projetologic/service/api/ModeloConjuntoService_Roo_Service.aj
/home/diego/Spring/workspace-sts-3.9.1.RELEASE/apps/projetoLogic/src/main/java/br/com/projetologic/service/api/ClienteService_Roo_Service.aj
/home/diego/Spring/workspace-sts-3.9.1.RELEASE/apps/projetoLogic/src/main/java/br/com/projetologic/service/api/MotivoPerdaAgendaService.java
/home/diego/Spring/workspace-sts-3.9.1.RELEASE/apps/projetoLogic/src/main/java/br/com/projetologic/service/api/ProdutoDevolvidoService.java
/home/diego/Spring/workspace-sts-3.9.1.RELEASE/apps/projetoLogic/src/main/java/br/com/projetologic/service/api/ModeloVeiculoService_Roo_Service.aj
/home/diego/Spring/workspace-sts-3.9.1.RELEASE/apps/projetoLogic/src/main/java/br/com/projetologic/service/api/ModeloConjuntoService.java
/home/diego/Spring/workspace-sts-3.9.1.RELEASE/apps/projetoLogic/src/main/java/br/com/projetologic/service/api/VeiculoService.java
/home/diego/Spring/workspace-sts-3.9.1.RELEASE/apps/projetoLogic/src/main/java/br/com/projetologic/service/api/RegraService.java
/home/diego/Spring/workspace-sts-3.9.1.RELEASE/apps/projetoLogic/src/main/java/br/com/projetologic/service/api/ViagemService.java
/home/diego/Spring/workspace-sts-3.9.1.RELEASE/apps/projetoLogic/src/main/java/br/com/projetologic/service/api/VeiculoService_Roo_Service.aj
/home/diego/Spring/workspace-sts-3.9.1.RELEASE/apps/projetoLogic/src/main/java/br/com/projetologic/service/api/EmbarcadorService_Roo_Service.aj
/home/diego/Spring/workspace-sts-3.9.1.RELEASE/apps/projetoLogic/src/main/java/br/com/projetologic/service/api/UsuarioService_Roo_Service.aj
/home/diego/Spring/workspace-sts-3.9.1.RELEASE/apps/projetoLogic/src/main/java/br/com/projetologic/service/api/MotivoNegativaDiariaService_Roo_Service.aj
/home/diego/Spring/workspace-sts-3.9.1.RELEASE/apps/projetoLogic/src/main/java/br/com/projetologic/service/api/ClienteService.java
/home/diego/Spring/workspace-sts-3.9.1.RELEASE/apps/projetoLogic/src/main/java/br/com/projetologic/service/api/ModeloVeiculoService.java
/home/diego/Spring/workspace-sts-3.9.1.RELEASE/apps/projetoLogic/src/main/java/br/com/projetologic/service/api/EmbarcadorService.java
/home/diego/Spring/workspace-sts-3.9.1.RELEASE/apps/projetoLogic/src/main/java/br/com/projetologic/service/api/MotivoNegativaDiariaService.java
/home/diego/Spring/workspace-sts-3.9.1.RELEASE/apps/projetoLogic/src/main/java/br/com/projetologic/service/api/ContratoService_Roo_Service.aj
/home/diego/Spring/workspace-sts-3.9.1.RELEASE/apps/projetoLogic/src/main/java/br/com/projetologic/service/api/UsuarioService.java
/home/diego/Spring/workspace-sts-3.9.1.RELEASE/apps/projetoLogic/src/main/java/br/com/projetologic/service/api/ProdutoDevolvidoService_Roo_Service.aj
/home/diego/Spring/workspace-sts-3.9.1.RELEASE/apps/projetoLogic/src/main/java/br/com/projetologic/service/api/MotivoNegativaDescargaService_Roo_Service.aj
/home/diego/Spring/workspace-sts-3.9.1.RELEASE/apps/projetoLogic/src/main/java/br/com/projetologic/service/api/RegraService_Roo_Service.aj
/home/diego/Spring/workspace-sts-3.9.1.RELEASE/apps/projetoLogic/src/main/java/br/com/projetologic/repository/ClienteRepository_Roo_Jpa_Repository.aj
/home/diego/Spring/workspace-sts-3.9.1.RELEASE/apps/projetoLogic/src/main/java/br/com/projetologic/repository/VeiculoRepositoryImpl.java
/home/diego/Spring/workspace-sts-3.9.1.RELEASE/apps/projetoLogic/src/main/java/br/com/projetologic/repository/MotivoPerdaAgendaRepository_Roo_Jpa_Repository.aj
/home/diego/Spring/workspace-sts-3.9.1.RELEASE/apps/projetoLogic/src/main/java/br/com/projetologic/repository/ModeloConjuntoRepository.java
/home/diego/Spring/workspace-sts-3.9.1.RELEASE/apps/projetoLogic/src/main/java/br/com/projetologic/repository/ProdutoDevolvidoRepositoryCustom_Roo_Jpa_Repository_Custom.aj
/home/diego/Spring/workspace-sts-3.9.1.RELEASE/apps/projetoLogic/src/main/java/br/com/projetologic/repository/EmbarcadorRepository.java
/home/diego/Spring/workspace-sts-3.9.1.RELEASE/apps/projetoLogic/src/main/java/br/com/projetologic/repository/EmbarcadorRepositoryImpl.java
/home/diego/Spring/workspace-sts-3.9.1.RELEASE/apps/projetoLogic/src/main/java/br/com/projetologic/repository/ContratoRepositoryImpl_Roo_Jpa_Repository_Impl.aj
/home/diego/Spring/workspace-sts-3.9.1.RELEASE/apps/projetoLogic/src/main/java/br/com/projetologic/repository/MotivoPerdaAgendaRepositoryImpl_Roo_Jpa_Repository_Impl.aj
/home/diego/Spring/workspace-sts-3.9.1.RELEASE/apps/projetoLogic/src/main/java/br/com/projetologic/repository/MotivoNegativaDescargaRepositoryCustom.java
/home/diego/Spring/workspace-sts-3.9.1.RELEASE/apps/projetoLogic/src/main/java/br/com/projetologic/repository/RegraRepository_Roo_Jpa_Repository.aj
/home/diego/Spring/workspace-sts-3.9.1.RELEASE/apps/projetoLogic/src/main/java/br/com/projetologic/repository/MotivoPerdaAgendaRepositoryCustom_Roo_Jpa_Repository_Custom.aj
/home/diego/Spring/workspace-sts-3.9.1.RELEASE/apps/projetoLogic/src/main/java/br/com/projetologic/repository/ProdutoDevolvidoRepositoryImpl.java
/home/diego/Spring/workspace-sts-3.9.1.RELEASE/apps/projetoLogic/src/main/java/br/com/projetologic/repository/ViagemRepository_Roo_Jpa_Repository.aj
/home/diego/Spring/workspace-sts-3.9.1.RELEASE/apps/projetoLogic/src/main/java/br/com/projetologic/repository/RegraRepositoryImpl_Roo_Jpa_Repository_Impl.aj
/home/diego/Spring/workspace-sts-3.9.1.RELEASE/apps/projetoLogic/src/main/java/br/com/projetologic/repository/ModeloVeiculoRepository_Roo_Jpa_Repository.aj
/home/diego/Spring/workspace-sts-3.9.1.RELEASE/apps/projetoLogic/src/main/java/br/com/projetologic/repository/VeiculoRepositoryCustom.java
/home/diego/Spring/workspace-sts-3.9.1.RELEASE/apps/projetoLogic/src/main/java/br/com/projetologic/repository/ViagemRepositoryCustom.java
/home/diego/Spring/workspace-sts-3.9.1.RELEASE/apps/projetoLogic/src/main/java/br/com/projetologic/repository/ContratoRepositoryImpl.java
/home/diego/Spring/workspace-sts-3.9.1.RELEASE/apps/projetoLogic/src/main/java/br/com/projetologic/repository/ModeloConjuntoRepositoryImpl.java
/home/diego/Spring/workspace-sts-3.9.1.RELEASE/apps/projetoLogic/src/main/java/br/com/projetologic/repository/ModeloVeiculoRepositoryImpl.java
/home/diego/Spring/workspace-sts-3.9.1.RELEASE/apps/projetoLogic/src/main/java/br/com/projetologic/repository/RegraRepositoryCustom_Roo_Jpa_Repository_Custom.aj
/home/diego/Spring/workspace-sts-3.9.1.RELEASE/apps/projetoLogic/src/main/java/br/com/projetologic/repository/ClienteRepository.java
/home/diego/Spring/workspace-sts-3.9.1.RELEASE/apps/projetoLogic/src/main/java/br/com/projetologic/repository/ClienteRepositoryCustom_Roo_Jpa_Repository_Custom.aj
/home/diego/Spring/workspace-sts-3.9.1.RELEASE/apps/projetoLogic/src/main/java/br/com/projetologic/repository/MotoristaRepository.java
/home/diego/Spring/workspace-sts-3.9.1.RELEASE/apps/projetoLogic/src/main/java/br/com/projetologic/repository/ContratoRepositoryCustom.java
/home/diego/Spring/workspace-sts-3.9.1.RELEASE/apps/projetoLogic/src/main/java/br/com/projetologic/repository/ProdutoDevolvidoRepository_Roo_Jpa_Repository.aj
/home/diego/Spring/workspace-sts-3.9.1.RELEASE/apps/projetoLogic/src/main/java/br/com/projetologic/repository/RegraRepositoryCustom.java
/home/diego/Spring/workspace-sts-3.9.1.RELEASE/apps/projetoLogic/src/main/java/br/com/projetologic/repository/EmbarcadorRepository_Roo_Jpa_Repository.aj
/home/diego/Spring/workspace-sts-3.9.1.RELEASE/apps/projetoLogic/src/main/java/br/com/projetologic/repository/ViagemRepositoryImpl_Roo_Jpa_Repository_Impl.aj
/home/diego/Spring/workspace-sts-3.9.1.RELEASE/apps/projetoLogic/src/main/java/br/com/projetologic/repository/RegraRepository.java
/home/diego/Spring/workspace-sts-3.9.1.RELEASE/apps/projetoLogic/src/main/java/br/com/projetologic/repository/ModeloVeiculoRepositoryImpl_Roo_Jpa_Repository_Impl.aj
/home/diego/Spring/workspace-sts-3.9.1.RELEASE/apps/projetoLogic/src/main/java/br/com/projetologic/repository/ModeloConjuntoRepositoryCustom.java
/home/diego/Spring/workspace-sts-3.9.1.RELEASE/apps/projetoLogic/src/main/java/br/com/projetologic/repository/ContratoRepository.java
/home/diego/Spring/workspace-sts-3.9.1.RELEASE/apps/projetoLogic/src/main/java/br/com/projetologic/repository/MotivoNegativaDiariaRepositoryCustom.java
/home/diego/Spring/workspace-sts-3.9.1.RELEASE/apps/projetoLogic/src/main/java/br/com/projetologic/repository/ModeloConjuntoRepositoryCustom_Roo_Jpa_Repository_Custom.aj
/home/diego/Spring/workspace-sts-3.9.1.RELEASE/apps/projetoLogic/src/main/java/br/com/projetologic/repository/UsuarioRepositoryCustom_Roo_Jpa_Repository_Custom.aj
/home/diego/Spring/workspace-sts-3.9.1.RELEASE/apps/projetoLogic/src/main/java/br/com/projetologic/repository/EmbarcadorRepositoryCustom.java
/home/diego/Spring/workspace-sts-3.9.1.RELEASE/apps/projetoLogic/src/main/java/br/com/projetologic/repository/ProdutoDevolvidoRepositoryCustom.java
/home/diego/Spring/workspace-sts-3.9.1.RELEASE/apps/projetoLogic/src/main/java/br/com/projetologic/repository/ModeloVeiculoRepository.java
/home/diego/Spring/workspace-sts-3.9.1.RELEASE/apps/projetoLogic/src/main/java/br/com/projetologic/repository/MotivoNegativaDescargaRepositoryImpl_Roo_Jpa_Repository_Impl.aj
/home/diego/Spring/workspace-sts-3.9.1.RELEASE/apps/projetoLogic/src/main/java/br/com/projetologic/repository/MotivoPerdaAgendaRepository.java
/home/diego/Spring/workspace-sts-3.9.1.RELEASE/apps/projetoLogic/src/main/java/br/com/projetologic/repository/MotoristaRepositoryCustom_Roo_Jpa_Repository_Custom.aj
/home/diego/Spring/workspace-sts-3.9.1.RELEASE/apps/projetoLogic/src/main/java/br/com/projetologic/repository/ViagemRepositoryCustom_Roo_Jpa_Repository_Custom.aj
/home/diego/Spring/workspace-sts-3.9.1.RELEASE/apps/projetoLogic/src/main/java/br/com/projetologic/repository/ModeloConjuntoRepository_Roo_Jpa_Repository.aj
/home/diego/Spring/workspace-sts-3.9.1.RELEASE/apps/projetoLogic/src/main/java/br/com/projetologic/repository/MotoristaRepositoryCustom.java
/home/diego/Spring/workspace-sts-3.9.1.RELEASE/apps/projetoLogic/src/main/java/br/com/projetologic/repository/ViagemRepository.java
/home/diego/Spring/workspace-sts-3.9.1.RELEASE/apps/projetoLogic/src/main/java/br/com/projetologic/repository/MotivoNegativaDiariaRepositoryImpl.java
/home/diego/Spring/workspace-sts-3.9.1.RELEASE/apps/projetoLogic/src/main/java/br/com/projetologic/repository/VeiculoRepositoryImpl_Roo_Jpa_Repository_Impl.aj
/home/diego/Spring/workspace-sts-3.9.1.RELEASE/apps/projetoLogic/src/main/java/br/com/projetologic/repository/MotivoNegativaDiariaRepository.java
/home/diego/Spring/workspace-sts-3.9.1.RELEASE/apps/projetoLogic/src/main/java/br/com/projetologic/repository/ModeloVeiculoRepositoryCustom_Roo_Jpa_Repository_Custom.aj
/home/diego/Spring/workspace-sts-3.9.1.RELEASE/apps/projetoLogic/src/main/java/br/com/projetologic/repository/ClienteRepositoryImpl_Roo_Jpa_Repository_Impl.aj
/home/diego/Spring/workspace-sts-3.9.1.RELEASE/apps/projetoLogic/src/main/java/br/com/projetologic/repository/VeiculoRepository.java
/home/diego/Spring/workspace-sts-3.9.1.RELEASE/apps/projetoLogic/src/main/java/br/com/projetologic/repository/MotivoNegativaDescargaRepositoryCustom_Roo_Jpa_Repository_Custom.aj
/home/diego/Spring/workspace-sts-3.9.1.RELEASE/apps/projetoLogic/src/main/java/br/com/projetologic/repository/ClienteRepositoryImpl.java
/home/diego/Spring/workspace-sts-3.9.1.RELEASE/apps/projetoLogic/src/main/java/br/com/projetologic/repository/ContratoRepositoryCustom_Roo_Jpa_Repository_Custom.aj
/home/diego/Spring/workspace-sts-3.9.1.RELEASE/apps/projetoLogic/src/main/java/br/com/projetologic/repository/MotivoNegativaDiariaRepositoryImpl_Roo_Jpa_Repository_Impl.aj
/home/diego/Spring/workspace-sts-3.9.1.RELEASE/apps/projetoLogic/src/main/java/br/com/projetologic/repository/UsuarioRepositoryCustom.java
/home/diego/Spring/workspace-sts-3.9.1.RELEASE/apps/projetoLogic/src/main/java/br/com/projetologic/repository/VeiculoRepositoryCustom_Roo_Jpa_Repository_Custom.aj
/home/diego/Spring/workspace-sts-3.9.1.RELEASE/apps/projetoLogic/src/main/java/br/com/projetologic/repository/VeiculoRepository_Roo_Jpa_Repository.aj
/home/diego/Spring/workspace-sts-3.9.1.RELEASE/apps/projetoLogic/src/main/java/br/com/projetologic/repository/ModeloConjuntoRepositoryImpl_Roo_Jpa_Repository_Impl.aj
/home/diego/Spring/workspace-sts-3.9.1.RELEASE/apps/projetoLogic/src/main/java/br/com/projetologic/repository/ClienteRepositoryCustom.java
/home/diego/Spring/workspace-sts-3.9.1.RELEASE/apps/projetoLogic/src/main/java/br/com/projetologic/repository/ViagemRepositoryImpl.java
/home/diego/Spring/workspace-sts-3.9.1.RELEASE/apps/projetoLogic/src/main/java/br/com/projetologic/repository/ContratoRepository_Roo_Jpa_Repository.aj
/home/diego/Spring/workspace-sts-3.9.1.RELEASE/apps/projetoLogic/src/main/java/br/com/projetologic/repository/UsuarioRepository.java
/home/diego/Spring/workspace-sts-3.9.1.RELEASE/apps/projetoLogic/src/main/java/br/com/projetologic/repository/MotivoNegativaDescargaRepositoryImpl.java
/home/diego/Spring/workspace-sts-3.9.1.RELEASE/apps/projetoLogic/src/main/java/br/com/projetologic/repository/MotivoPerdaAgendaRepositoryCustom.java
/home/diego/Spring/workspace-sts-3.9.1.RELEASE/apps/projetoLogic/src/main/java/br/com/projetologic/repository/UsuarioRepositoryImpl.java
/home/diego/Spring/workspace-sts-3.9.1.RELEASE/apps/projetoLogic/src/main/java/br/com/projetologic/repository/EmbarcadorRepositoryImpl_Roo_Jpa_Repository_Impl.aj
/home/diego/Spring/workspace-sts-3.9.1.RELEASE/apps/projetoLogic/src/main/java/br/com/projetologic/repository/UsuarioRepository_Roo_Jpa_Repository.aj
/home/diego/Spring/workspace-sts-3.9.1.RELEASE/apps/projetoLogic/src/main/java/br/com/projetologic/repository/MotivoNegativaDiariaRepositoryCustom_Roo_Jpa_Repository_Custom.aj
/home/diego/Spring/workspace-sts-3.9.1.RELEASE/apps/projetoLogic/src/main/java/br/com/projetologic/repository/MotoristaRepositoryImpl_Roo_Jpa_Repository_Impl.aj
/home/diego/Spring/workspace-sts-3.9.1.RELEASE/apps/projetoLogic/src/main/java/br/com/projetologic/repository/MotivoNegativaDescargaRepository_Roo_Jpa_Repository.aj
/home/diego/Spring/workspace-sts-3.9.1.RELEASE/apps/projetoLogic/src/main/java/br/com/projetologic/repository/ProdutoDevolvidoRepository.java
/home/diego/Spring/workspace-sts-3.9.1.RELEASE/apps/projetoLogic/src/main/java/br/com/projetologic/repository/RegraRepositoryImpl.java
/home/diego/Spring/workspace-sts-3.9.1.RELEASE/apps/projetoLogic/src/main/java/br/com/projetologic/repository/MotivoNegativaDescargaRepository.java
/home/diego/Spring/workspace-sts-3.9.1.RELEASE/apps/projetoLogic/src/main/java/br/com/projetologic/repository/MotivoPerdaAgendaRepositoryImpl.java
/home/diego/Spring/workspace-sts-3.9.1.RELEASE/apps/projetoLogic/src/main/java/br/com/projetologic/repository/ModeloVeiculoRepositoryCustom.java
/home/diego/Spring/workspace-sts-3.9.1.RELEASE/apps/projetoLogic/src/main/java/br/com/projetologic/repository/UsuarioRepositoryImpl_Roo_Jpa_Repository_Impl.aj
/home/diego/Spring/workspace-sts-3.9.1.RELEASE/apps/projetoLogic/src/main/java/br/com/projetologic/repository/MotoristaRepositoryImpl.java
/home/diego/Spring/workspace-sts-3.9.1.RELEASE/apps/projetoLogic/src/main/java/br/com/projetologic/repository/MotivoNegativaDiariaRepository_Roo_Jpa_Repository.aj
/home/diego/Spring/workspace-sts-3.9.1.RELEASE/apps/projetoLogic/src/main/java/br/com/projetologic/repository/EmbarcadorRepositoryCustom_Roo_Jpa_Repository_Custom.aj
/home/diego/Spring/workspace-sts-3.9.1.RELEASE/apps/projetoLogic/src/main/java/br/com/projetologic/repository/ProdutoDevolvidoRepositoryImpl_Roo_Jpa_Repository_Impl.aj
/home/diego/Spring/workspace-sts-3.9.1.RELEASE/apps/projetoLogic/src/main/java/br/com/projetologic/repository/MotoristaRepository_Roo_Jpa_Repository.aj
/home/diego/Spring/workspace-sts-3.9.1.RELEASE/apps/projetoLogic/src/main/java/br/com/projetologic/controller/thymeleaf/ClientesItemThymeleafLinkFactory.java
/home/diego/Spring/workspace-sts-3.9.1.RELEASE/apps/projetoLogic/src/main/java/br/com/projetologic/controller/thymeleaf/MotivosNegativasDescargasItemThymeleafLinkFactory_Roo_LinkFactory.aj
/home/diego/Spring/workspace-sts-3.9.1.RELEASE/apps/projetoLogic/src/main/java/br/com/projetologic/controller/thymeleaf/ViagensCollectionThymeleafController_Roo_Thymeleaf.aj
/home/diego/Spring/workspace-sts-3.9.1.RELEASE/apps/projetoLogic/src/main/java/br/com/projetologic/controller/thymeleaf/VeiculosItemThymeleafController_Roo_Thymeleaf.aj
/home/diego/Spring/workspace-sts-3.9.1.RELEASE/apps/projetoLogic/src/main/java/br/com/projetologic/controller/thymeleaf/ModelosVeiculosItemThymeleafController.java
/home/diego/Spring/workspace-sts-3.9.1.RELEASE/apps/projetoLogic/src/main/java/br/com/projetologic/controller/thymeleaf/MotivosPerdasAgendasCollectionThymeleafController.java
/home/diego/Spring/workspace-sts-3.9.1.RELEASE/apps/projetoLogic/src/main/java/br/com/projetologic/controller/thymeleaf/VeiculosCollectionThymeleafLinkFactory.java
/home/diego/Spring/workspace-sts-3.9.1.RELEASE/apps/projetoLogic/src/main/java/br/com/projetologic/controller/thymeleaf/EmbarcadoresItemContratosThymeleafLinkFactory.java
/home/diego/Spring/workspace-sts-3.9.1.RELEASE/apps/projetoLogic/src/main/java/br/com/projetologic/controller/thymeleaf/EmbarcadoresCollectionThymeleafController_Roo_Thymeleaf.aj
/home/diego/Spring/workspace-sts-3.9.1.RELEASE/apps/projetoLogic/src/main/java/br/com/projetologic/controller/thymeleaf/ModelosVeiculosItemThymeleafController_Roo_Thymeleaf.aj
/home/diego/Spring/workspace-sts-3.9.1.RELEASE/apps/projetoLogic/src/main/java/br/com/projetologic/controller/thymeleaf/VeiculosItemThymeleafLinkFactory.java
/home/diego/Spring/workspace-sts-3.9.1.RELEASE/apps/projetoLogic/src/main/java/br/com/projetologic/controller/thymeleaf/MotivosPerdasAgendasCollectionThymeleafController_Roo_Thymeleaf.aj
/home/diego/Spring/workspace-sts-3.9.1.RELEASE/apps/projetoLogic/src/main/java/br/com/projetologic/controller/thymeleaf/EmbarcadoresItemViagensThymeleafLinkFactory.java
/home/diego/Spring/workspace-sts-3.9.1.RELEASE/apps/projetoLogic/src/main/java/br/com/projetologic/controller/thymeleaf/RegrasCollectionThymeleafLinkFactory_Roo_LinkFactory.aj
/home/diego/Spring/workspace-sts-3.9.1.RELEASE/apps/projetoLogic/src/main/java/br/com/projetologic/controller/thymeleaf/ClientesItemThymeleafController_Roo_Thymeleaf.aj
/home/diego/Spring/workspace-sts-3.9.1.RELEASE/apps/projetoLogic/src/main/java/br/com/projetologic/controller/thymeleaf/VeiculosCollectionThymeleafLinkFactory_Roo_LinkFactory.aj
/home/diego/Spring/workspace-sts-3.9.1.RELEASE/apps/projetoLogic/src/main/java/br/com/projetologic/controller/thymeleaf/VeiculosCollectionThymeleafController.java
/home/diego/Spring/workspace-sts-3.9.1.RELEASE/apps/projetoLogic/src/main/java/br/com/projetologic/controller/thymeleaf/RegrasItemThymeleafLinkFactory.java
/home/diego/Spring/workspace-sts-3.9.1.RELEASE/apps/projetoLogic/src/main/java/br/com/projetologic/controller/thymeleaf/ModelosConjuntosItemThymeleafLinkFactory_Roo_LinkFactory.aj
/home/diego/Spring/workspace-sts-3.9.1.RELEASE/apps/projetoLogic/src/main/java/br/com/projetologic/controller/thymeleaf/MotivosNegativasDiariasItemThymeleafLinkFactory.java
/home/diego/Spring/workspace-sts-3.9.1.RELEASE/apps/projetoLogic/src/main/java/br/com/projetologic/controller/thymeleaf/EmbarcadoresItemViagensThymeleafController_Roo_Thymeleaf.aj
/home/diego/Spring/workspace-sts-3.9.1.RELEASE/apps/projetoLogic/src/main/java/br/com/projetologic/controller/thymeleaf/MotivosNegativasDescargasItemThymeleafController_Roo_Thymeleaf.aj
/home/diego/Spring/workspace-sts-3.9.1.RELEASE/apps/projetoLogic/src/main/java/br/com/projetologic/controller/thymeleaf/ViagensItemProdutosDevolvidosThymeleafLinkFactory.java
/home/diego/Spring/workspace-sts-3.9.1.RELEASE/apps/projetoLogic/src/main/java/br/com/projetologic/controller/thymeleaf/UsuariosItemAcessosThymeleafController_Roo_Thymeleaf.aj
/home/diego/Spring/workspace-sts-3.9.1.RELEASE/apps/projetoLogic/src/main/java/br/com/projetologic/controller/thymeleaf/MotivosNegativasDescargasItemThymeleafController.java
/home/diego/Spring/workspace-sts-3.9.1.RELEASE/apps/projetoLogic/src/main/java/br/com/projetologic/controller/thymeleaf/MotoristasCollectionThymeleafController.java
/home/diego/Spring/workspace-sts-3.9.1.RELEASE/apps/projetoLogic/src/main/java/br/com/projetologic/controller/thymeleaf/MotivosPerdasAgendasCollectionThymeleafLinkFactory.java
/home/diego/Spring/workspace-sts-3.9.1.RELEASE/apps/projetoLogic/src/main/java/br/com/projetologic/controller/thymeleaf/UsuariosCollectionThymeleafController.java
/home/diego/Spring/workspace-sts-3.9.1.RELEASE/apps/projetoLogic/src/main/java/br/com/projetologic/controller/thymeleaf/ProdutosDevolvidosCollectionThymeleafLinkFactory.java
/home/diego/Spring/workspace-sts-3.9.1.RELEASE/apps/projetoLogic/src/main/java/br/com/projetologic/controller/thymeleaf/RegrasCollectionThymeleafController_Roo_Thymeleaf.aj
/home/diego/Spring/workspace-sts-3.9.1.RELEASE/apps/projetoLogic/src/main/java/br/com/projetologic/controller/thymeleaf/ProdutosDevolvidosItemThymeleafController.java
/home/diego/Spring/workspace-sts-3.9.1.RELEASE/apps/projetoLogic/src/main/java/br/com/projetologic/controller/thymeleaf/MotoristasItemThymeleafLinkFactory_Roo_LinkFactory.aj
/home/diego/Spring/workspace-sts-3.9.1.RELEASE/apps/projetoLogic/src/main/java/br/com/projetologic/controller/thymeleaf/UsuariosItemAcessosThymeleafLinkFactory.java
/home/diego/Spring/workspace-sts-3.9.1.RELEASE/apps/projetoLogic/src/main/java/br/com/projetologic/controller/thymeleaf/ContratosCollectionThymeleafLinkFactory_Roo_LinkFactory.aj
/home/diego/Spring/workspace-sts-3.9.1.RELEASE/apps/projetoLogic/src/main/java/br/com/projetologic/controller/thymeleaf/ProdutosDevolvidosItemThymeleafLinkFactory_Roo_LinkFactory.aj
/home/diego/Spring/workspace-sts-3.9.1.RELEASE/apps/projetoLogic/src/main/java/br/com/projetologic/controller/thymeleaf/UsuariosItemThymeleafLinkFactory.java
/home/diego/Spring/workspace-sts-3.9.1.RELEASE/apps/projetoLogic/src/main/java/br/com/projetologic/controller/thymeleaf/EmbarcadoresItemThymeleafController.java
/home/diego/Spring/workspace-sts-3.9.1.RELEASE/apps/projetoLogic/src/main/java/br/com/projetologic/controller/thymeleaf/EmbarcadoresItemViagensThymeleafLinkFactory_Roo_LinkFactory.aj
/home/diego/Spring/workspace-sts-3.9.1.RELEASE/apps/projetoLogic/src/main/java/br/com/projetologic/controller/thymeleaf/EmbarcadoresItemContratosThymeleafLinkFactory_Roo_LinkFactory.aj
/home/diego/Spring/workspace-sts-3.9.1.RELEASE/apps/projetoLogic/src/main/java/br/com/projetologic/controller/thymeleaf/ProdutosDevolvidosCollectionThymeleafController.java
/home/diego/Spring/workspace-sts-3.9.1.RELEASE/apps/projetoLogic/src/main/java/br/com/projetologic/controller/thymeleaf/MotivosNegativasDescargasCollectionThymeleafController_Roo_Thymeleaf.aj
/home/diego/Spring/workspace-sts-3.9.1.RELEASE/apps/projetoLogic/src/main/java/br/com/projetologic/controller/thymeleaf/MotivosNegativasDescargasCollectionThymeleafLinkFactory_Roo_LinkFactory.aj
/home/diego/Spring/workspace-sts-3.9.1.RELEASE/apps/projetoLogic/src/main/java/br/com/projetologic/controller/thymeleaf/ModelosVeiculosCollectionThymeleafController.java
/home/diego/Spring/workspace-sts-3.9.1.RELEASE/apps/projetoLogic/src/main/java/br/com/projetologic/controller/thymeleaf/VeiculosCollectionThymeleafController_Roo_Thymeleaf.aj
/home/diego/Spring/workspace-sts-3.9.1.RELEASE/apps/projetoLogic/src/main/java/br/com/projetologic/controller/thymeleaf/MotivosNegativasDiariasItemThymeleafController.java
/home/diego/Spring/workspace-sts-3.9.1.RELEASE/apps/projetoLogic/src/main/java/br/com/projetologic/controller/thymeleaf/UsuariosItemThymeleafController.java
/home/diego/Spring/workspace-sts-3.9.1.RELEASE/apps/projetoLogic/src/main/java/br/com/projetologic/controller/thymeleaf/UsuariosItemAcessosThymeleafController.java
/home/diego/Spring/workspace-sts-3.9.1.RELEASE/apps/projetoLogic/src/main/java/br/com/projetologic/controller/thymeleaf/MotivosNegativasDiariasCollectionThymeleafController_Roo_Thymeleaf.aj
/home/diego/Spring/workspace-sts-3.9.1.RELEASE/apps/projetoLogic/src/main/java/br/com/projetologic/controller/thymeleaf/ModelosConjuntosCollectionThymeleafLinkFactory_Roo_LinkFactory.aj
/home/diego/Spring/workspace-sts-3.9.1.RELEASE/apps/projetoLogic/src/main/java/br/com/projetologic/controller/thymeleaf/MotoristasCollectionThymeleafController_Roo_Thymeleaf.aj
/home/diego/Spring/workspace-sts-3.9.1.RELEASE/apps/projetoLogic/src/main/java/br/com/projetologic/controller/thymeleaf/EmbarcadoresCollectionThymeleafController.java
/home/diego/Spring/workspace-sts-3.9.1.RELEASE/apps/projetoLogic/src/main/java/br/com/projetologic/controller/thymeleaf/RegrasItemThymeleafController.java
/home/diego/Spring/workspace-sts-3.9.1.RELEASE/apps/projetoLogic/src/main/java/br/com/projetologic/controller/thymeleaf/RegrasItemThymeleafLinkFactory_Roo_LinkFactory.aj
/home/diego/Spring/workspace-sts-3.9.1.RELEASE/apps/projetoLogic/src/main/java/br/com/projetologic/controller/thymeleaf/ContratosItemThymeleafController.java
/home/diego/Spring/workspace-sts-3.9.1.RELEASE/apps/projetoLogic/src/main/java/br/com/projetologic/controller/thymeleaf/MotivosNegativasDiariasItemThymeleafLinkFactory_Roo_LinkFactory.aj
/home/diego/Spring/workspace-sts-3.9.1.RELEASE/apps/projetoLogic/src/main/java/br/com/projetologic/controller/thymeleaf/MotivosNegativasDescargasCollectionThymeleafController.java
/home/diego/Spring/workspace-sts-3.9.1.RELEASE/apps/projetoLogic/src/main/java/br/com/projetologic/controller/thymeleaf/ClientesCollectionThymeleafController.java
/home/diego/Spring/workspace-sts-3.9.1.RELEASE/apps/projetoLogic/src/main/java/br/com/projetologic/controller/thymeleaf/VeiculosItemThymeleafController.java
/home/diego/Spring/workspace-sts-3.9.1.RELEASE/apps/projetoLogic/src/main/java/br/com/projetologic/controller/thymeleaf/ModelosConjuntosItemThymeleafController_Roo_Thymeleaf.aj
/home/diego/Spring/workspace-sts-3.9.1.RELEASE/apps/projetoLogic/src/main/java/br/com/projetologic/controller/thymeleaf/ViagensItemThymeleafController_Roo_Thymeleaf.aj
/home/diego/Spring/workspace-sts-3.9.1.RELEASE/apps/projetoLogic/src/main/java/br/com/projetologic/controller/thymeleaf/EmbarcadoresCollectionThymeleafLinkFactory_Roo_LinkFactory.aj
/home/diego/Spring/workspace-sts-3.9.1.RELEASE/apps/projetoLogic/src/main/java/br/com/projetologic/controller/thymeleaf/ContratosCollectionThymeleafLinkFactory.java
/home/diego/Spring/workspace-sts-3.9.1.RELEASE/apps/projetoLogic/src/main/java/br/com/projetologic/controller/thymeleaf/RegrasItemThymeleafController_Roo_Thymeleaf.aj
/home/diego/Spring/workspace-sts-3.9.1.RELEASE/apps/projetoLogic/src/main/java/br/com/projetologic/controller/thymeleaf/EmbarcadoresItemThymeleafLinkFactory_Roo_LinkFactory.aj
/home/diego/Spring/workspace-sts-3.9.1.RELEASE/apps/projetoLogic/src/main/java/br/com/projetologic/controller/thymeleaf/UsuariosItemThymeleafLinkFactory_Roo_LinkFactory.aj
/home/diego/Spring/workspace-sts-3.9.1.RELEASE/apps/projetoLogic/src/main/java/br/com/projetologic/controller/thymeleaf/MotoristasItemThymeleafController_Roo_Thymeleaf.aj
/home/diego/Spring/workspace-sts-3.9.1.RELEASE/apps/projetoLogic/src/main/java/br/com/projetologic/controller/thymeleaf/ModelosVeiculosItemThymeleafLinkFactory.java
/home/diego/Spring/workspace-sts-3.9.1.RELEASE/apps/projetoLogic/src/main/java/br/com/projetologic/controller/thymeleaf/ContratosCollectionThymeleafController.java
/home/diego/Spring/workspace-sts-3.9.1.RELEASE/apps/projetoLogic/src/main/java/br/com/projetologic/controller/thymeleaf/ContratosItemThymeleafController_Roo_Thymeleaf.aj
/home/diego/Spring/workspace-sts-3.9.1.RELEASE/apps/projetoLogic/src/main/java/br/com/projetologic/controller/thymeleaf/ProdutosDevolvidosCollectionThymeleafLinkFactory_Roo_LinkFactory.aj
/home/diego/Spring/workspace-sts-3.9.1.RELEASE/apps/projetoLogic/src/main/java/br/com/projetologic/controller/thymeleaf/VeiculosItemThymeleafLinkFactory_Roo_LinkFactory.aj
/home/diego/Spring/workspace-sts-3.9.1.RELEASE/apps/projetoLogic/src/main/java/br/com/projetologic/controller/thymeleaf/MotivosPerdasAgendasItemThymeleafController_Roo_Thymeleaf.aj
/home/diego/Spring/workspace-sts-3.9.1.RELEASE/apps/projetoLogic/src/main/java/br/com/projetologic/controller/thymeleaf/ViagensItemProdutosDevolvidosThymeleafLinkFactory_Roo_LinkFactory.aj
/home/diego/Spring/workspace-sts-3.9.1.RELEASE/apps/projetoLogic/src/main/java/br/com/projetologic/controller/thymeleaf/ProdutosDevolvidosCollectionThymeleafController_Roo_Thymeleaf.aj
/home/diego/Spring/workspace-sts-3.9.1.RELEASE/apps/projetoLogic/src/main/java/br/com/projetologic/controller/thymeleaf/EmbarcadoresCollectionThymeleafLinkFactory.java
/home/diego/Spring/workspace-sts-3.9.1.RELEASE/apps/projetoLogic/src/main/java/br/com/projetologic/controller/thymeleaf/ModelosConjuntosCollectionThymeleafLinkFactory.java
/home/diego/Spring/workspace-sts-3.9.1.RELEASE/apps/projetoLogic/src/main/java/br/com/projetologic/controller/thymeleaf/ModelosVeiculosItemThymeleafLinkFactory_Roo_LinkFactory.aj
/home/diego/Spring/workspace-sts-3.9.1.RELEASE/apps/projetoLogic/src/main/java/br/com/projetologic/controller/thymeleaf/RegrasCollectionThymeleafController.java
/home/diego/Spring/workspace-sts-3.9.1.RELEASE/apps/projetoLogic/src/main/java/br/com/projetologic/controller/thymeleaf/ContratosCollectionThymeleafController_Roo_Thymeleaf.aj
/home/diego/Spring/workspace-sts-3.9.1.RELEASE/apps/projetoLogic/src/main/java/br/com/projetologic/controller/thymeleaf/ClientesItemThymeleafController.java
/home/diego/Spring/workspace-sts-3.9.1.RELEASE/apps/projetoLogic/src/main/java/br/com/projetologic/controller/thymeleaf/ModelosVeiculosCollectionThymeleafLinkFactory_Roo_LinkFactory.aj
/home/diego/Spring/workspace-sts-3.9.1.RELEASE/apps/projetoLogic/src/main/java/br/com/projetologic/controller/thymeleaf/ClientesCollectionThymeleafLinkFactory.java
/home/diego/Spring/workspace-sts-3.9.1.RELEASE/apps/projetoLogic/src/main/java/br/com/projetologic/controller/thymeleaf/ProdutosDevolvidosItemThymeleafLinkFactory.java
/home/diego/Spring/workspace-sts-3.9.1.RELEASE/apps/projetoLogic/src/main/java/br/com/projetologic/controller/thymeleaf/ViagensItemThymeleafController.java
/home/diego/Spring/workspace-sts-3.9.1.RELEASE/apps/projetoLogic/src/main/java/br/com/projetologic/controller/thymeleaf/MotivosPerdasAgendasItemThymeleafLinkFactory.java
/home/diego/Spring/workspace-sts-3.9.1.RELEASE/apps/projetoLogic/src/main/java/br/com/projetologic/controller/thymeleaf/ProdutosDevolvidosItemThymeleafController_Roo_Thymeleaf.aj
/home/diego/Spring/workspace-sts-3.9.1.RELEASE/apps/projetoLogic/src/main/java/br/com/projetologic/controller/thymeleaf/ModelosConjuntosItemThymeleafController.java
/home/diego/Spring/workspace-sts-3.9.1.RELEASE/apps/projetoLogic/src/main/java/br/com/projetologic/controller/thymeleaf/MotoristasItemThymeleafController.java
/home/diego/Spring/workspace-sts-3.9.1.RELEASE/apps/projetoLogic/src/main/java/br/com/projetologic/controller/thymeleaf/UsuariosCollectionThymeleafController_Roo_Thymeleaf.aj
/home/diego/Spring/workspace-sts-3.9.1.RELEASE/apps/projetoLogic/src/main/java/br/com/projetologic/controller/thymeleaf/MotivosPerdasAgendasItemThymeleafLinkFactory_Roo_LinkFactory.aj
/home/diego/Spring/workspace-sts-3.9.1.RELEASE/apps/projetoLogic/src/main/java/br/com/projetologic/controller/thymeleaf/ModelosConjuntosItemThymeleafLinkFactory.java
/home/diego/Spring/workspace-sts-3.9.1.RELEASE/apps/projetoLogic/src/main/java/br/com/projetologic/controller/thymeleaf/ViagensCollectionThymeleafController.java
/home/diego/Spring/workspace-sts-3.9.1.RELEASE/apps/projetoLogic/src/main/java/br/com/projetologic/controller/thymeleaf/MotivosPerdasAgendasItemThymeleafController.java
/home/diego/Spring/workspace-sts-3.9.1.RELEASE/apps/projetoLogic/src/main/java/br/com/projetologic/controller/thymeleaf/UsuariosCollectionThymeleafLinkFactory_Roo_LinkFactory.aj
/home/diego/Spring/workspace-sts-3.9.1.RELEASE/apps/projetoLogic/src/main/java/br/com/projetologic/controller/thymeleaf/MotivosNegativasDescargasItemThymeleafLinkFactory.java
/home/diego/Spring/workspace-sts-3.9.1.RELEASE/apps/projetoLogic/src/main/java/br/com/projetologic/controller/thymeleaf/ClientesCollectionThymeleafController_Roo_Thymeleaf.aj
/home/diego/Spring/workspace-sts-3.9.1.RELEASE/apps/projetoLogic/src/main/java/br/com/projetologic/controller/thymeleaf/ModelosVeiculosCollectionThymeleafLinkFactory.java
/home/diego/Spring/workspace-sts-3.9.1.RELEASE/apps/projetoLogic/src/main/java/br/com/projetologic/controller/thymeleaf/ClientesItemThymeleafLinkFactory_Roo_LinkFactory.aj
/home/diego/Spring/workspace-sts-3.9.1.RELEASE/apps/projetoLogic/src/main/java/br/com/projetologic/controller/thymeleaf/MotoristasCollectionThymeleafLinkFactory_Roo_LinkFactory.aj
/home/diego/Spring/workspace-sts-3.9.1.RELEASE/apps/projetoLogic/src/main/java/br/com/projetologic/controller/thymeleaf/ViagensItemProdutosDevolvidosThymeleafController.java
/home/diego/Spring/workspace-sts-3.9.1.RELEASE/apps/projetoLogic/src/main/java/br/com/projetologic/controller/thymeleaf/MotivosNegativasDiariasCollectionThymeleafLinkFactory_Roo_LinkFactory.aj
/home/diego/Spring/workspace-sts-3.9.1.RELEASE/apps/projetoLogic/src/main/java/br/com/projetologic/controller/thymeleaf/EmbarcadoresItemThymeleafController_Roo_Thymeleaf.aj
/home/diego/Spring/workspace-sts-3.9.1.RELEASE/apps/projetoLogic/src/main/java/br/com/projetologic/controller/thymeleaf/ViagensItemThymeleafLinkFactory_Roo_LinkFactory.aj
/home/diego/Spring/workspace-sts-3.9.1.RELEASE/apps/projetoLogic/src/main/java/br/com/projetologic/controller/thymeleaf/ModelosConjuntosCollectionThymeleafController.java
/home/diego/Spring/workspace-sts-3.9.1.RELEASE/apps/projetoLogic/src/main/java/br/com/projetologic/controller/thymeleaf/EmbarcadoresItemContratosThymeleafController_Roo_Thymeleaf.aj
/home/diego/Spring/workspace-sts-3.9.1.RELEASE/apps/projetoLogic/src/main/java/br/com/projetologic/controller/thymeleaf/ContratosItemThymeleafLinkFactory.java
/home/diego/Spring/workspace-sts-3.9.1.RELEASE/apps/projetoLogic/src/main/java/br/com/projetologic/controller/thymeleaf/ViagensCollectionThymeleafLinkFactory_Roo_LinkFactory.aj
/home/diego/Spring/workspace-sts-3.9.1.RELEASE/apps/projetoLogic/src/main/java/br/com/projetologic/controller/thymeleaf/MotivosNegativasDiariasCollectionThymeleafLinkFactory.java
/home/diego/Spring/workspace-sts-3.9.1.RELEASE/apps/projetoLogic/src/main/java/br/com/projetologic/controller/thymeleaf/MotivosNegativasDiariasItemThymeleafController_Roo_Thymeleaf.aj
/home/diego/Spring/workspace-sts-3.9.1.RELEASE/apps/projetoLogic/src/main/java/br/com/projetologic/controller/thymeleaf/MotivosPerdasAgendasCollectionThymeleafLinkFactory_Roo_LinkFactory.aj
/home/diego/Spring/workspace-sts-3.9.1.RELEASE/apps/projetoLogic/src/main/java/br/com/projetologic/controller/thymeleaf/MotivosNegativasDescargasCollectionThymeleafLinkFactory.java
/home/diego/Spring/workspace-sts-3.9.1.RELEASE/apps/projetoLogic/src/main/java/br/com/projetologic/controller/thymeleaf/ViagensItemThymeleafLinkFactory.java
/home/diego/Spring/workspace-sts-3.9.1.RELEASE/apps/projetoLogic/src/main/java/br/com/projetologic/controller/thymeleaf/UsuariosItemAcessosThymeleafLinkFactory_Roo_LinkFactory.aj
/home/diego/Spring/workspace-sts-3.9.1.RELEASE/apps/projetoLogic/src/main/java/br/com/projetologic/controller/thymeleaf/ContratosItemThymeleafLinkFactory_Roo_LinkFactory.aj
/home/diego/Spring/workspace-sts-3.9.1.RELEASE/apps/projetoLogic/src/main/java/br/com/projetologic/controller/thymeleaf/EmbarcadoresItemViagensThymeleafController.java
/home/diego/Spring/workspace-sts-3.9.1.RELEASE/apps/projetoLogic/src/main/java/br/com/projetologic/controller/thymeleaf/EmbarcadoresItemThymeleafLinkFactory.java
/home/diego/Spring/workspace-sts-3.9.1.RELEASE/apps/projetoLogic/src/main/java/br/com/projetologic/controller/thymeleaf/ViagensItemProdutosDevolvidosThymeleafController_Roo_Thymeleaf.aj
/home/diego/Spring/workspace-sts-3.9.1.RELEASE/apps/projetoLogic/src/main/java/br/com/projetologic/controller/thymeleaf/MotoristasCollectionThymeleafLinkFactory.java
/home/diego/Spring/workspace-sts-3.9.1.RELEASE/apps/projetoLogic/src/main/java/br/com/projetologic/controller/thymeleaf/ClientesCollectionThymeleafLinkFactory_Roo_LinkFactory.aj
/home/diego/Spring/workspace-sts-3.9.1.RELEASE/apps/projetoLogic/src/main/java/br/com/projetologic/controller/thymeleaf/MotivosNegativasDiariasCollectionThymeleafController.java
/home/diego/Spring/workspace-sts-3.9.1.RELEASE/apps/projetoLogic/src/main/java/br/com/projetologic/controller/thymeleaf/MotoristasItemThymeleafLinkFactory.java
/home/diego/Spring/workspace-sts-3.9.1.RELEASE/apps/projetoLogic/src/main/java/br/com/projetologic/controller/thymeleaf/ViagensCollectionThymeleafLinkFactory.java
/home/diego/Spring/workspace-sts-3.9.1.RELEASE/apps/projetoLogic/src/main/java/br/com/projetologic/controller/thymeleaf/RegrasCollectionThymeleafLinkFactory.java
/home/diego/Spring/workspace-sts-3.9.1.RELEASE/apps/projetoLogic/src/main/java/br/com/projetologic/controller/thymeleaf/UsuariosItemThymeleafController_Roo_Thymeleaf.aj
/home/diego/Spring/workspace-sts-3.9.1.RELEASE/apps/projetoLogic/src/main/java/br/com/projetologic/controller/thymeleaf/UsuariosCollectionThymeleafLinkFactory.java
/home/diego/Spring/workspace-sts-3.9.1.RELEASE/apps/projetoLogic/src/main/java/br/com/projetologic/controller/thymeleaf/ModelosVeiculosCollectionThymeleafController_Roo_Thymeleaf.aj
/home/diego/Spring/workspace-sts-3.9.1.RELEASE/apps/projetoLogic/src/main/java/br/com/projetologic/controller/thymeleaf/EmbarcadoresItemContratosThymeleafController.java
/home/diego/Spring/workspace-sts-3.9.1.RELEASE/apps/projetoLogic/src/main/java/br/com/projetologic/controller/thymeleaf/ModelosConjuntosCollectionThymeleafController_Roo_Thymeleaf.aj
/home/diego/Spring/workspace-sts-3.9.1.RELEASE/apps/projetoLogic/src/main/java/br/com/projetologic/controller/json/ModeloVeiculoDeserializer.java
/home/diego/Spring/workspace-sts-3.9.1.RELEASE/apps/projetoLogic/src/main/java/br/com/projetologic/controller/json/RegraDeserializer.java
/home/diego/Spring/workspace-sts-3.9.1.RELEASE/apps/projetoLogic/src/main/java/br/com/projetologic/controller/json/RegrasItemJsonController.java
/home/diego/Spring/workspace-sts-3.9.1.RELEASE/apps/projetoLogic/src/main/java/br/com/projetologic/controller/json/MotivoPerdaAgendaJsonMixin_Roo_JSONMixin.aj
/home/diego/Spring/workspace-sts-3.9.1.RELEASE/apps/projetoLogic/src/main/java/br/com/projetologic/controller/json/UsuariosCollectionJsonController.java
/home/diego/Spring/workspace-sts-3.9.1.RELEASE/apps/projetoLogic/src/main/java/br/com/projetologic/controller/json/VeiculoDeserializer_Roo_EntityDeserializer.aj
/home/diego/Spring/workspace-sts-3.9.1.RELEASE/apps/projetoLogic/src/main/java/br/com/projetologic/controller/json/MotivosNegativasDescargasItemJsonController.java
/home/diego/Spring/workspace-sts-3.9.1.RELEASE/apps/projetoLogic/src/main/java/br/com/projetologic/controller/json/ClienteDeserializer_Roo_EntityDeserializer.aj
/home/diego/Spring/workspace-sts-3.9.1.RELEASE/apps/projetoLogic/src/main/java/br/com/projetologic/controller/json/ViagensCollectionJsonController.java
/home/diego/Spring/workspace-sts-3.9.1.RELEASE/apps/projetoLogic/src/main/java/br/com/projetologic/controller/json/MotivosNegativasDiariasItemJsonController.java
/home/diego/Spring/workspace-sts-3.9.1.RELEASE/apps/projetoLogic/src/main/java/br/com/projetologic/controller/json/ModeloConjuntoJsonMixin_Roo_JSONMixin.aj
/home/diego/Spring/workspace-sts-3.9.1.RELEASE/apps/projetoLogic/src/main/java/br/com/projetologic/controller/json/MotivosPerdasAgendasItemJsonController_Roo_JSON.aj
/home/diego/Spring/workspace-sts-3.9.1.RELEASE/apps/projetoLogic/src/main/java/br/com/projetologic/controller/json/ModelosVeiculosItemJsonController.java
/home/diego/Spring/workspace-sts-3.9.1.RELEASE/apps/projetoLogic/src/main/java/br/com/projetologic/controller/json/UsuarioDeserializer_Roo_EntityDeserializer.aj
/home/diego/Spring/workspace-sts-3.9.1.RELEASE/apps/projetoLogic/src/main/java/br/com/projetologic/controller/json/ModelosConjuntosCollectionJsonController.java
/home/diego/Spring/workspace-sts-3.9.1.RELEASE/apps/projetoLogic/src/main/java/br/com/projetologic/controller/json/ModelosVeiculosItemJsonController_Roo_JSON.aj
/home/diego/Spring/workspace-sts-3.9.1.RELEASE/apps/projetoLogic/src/main/java/br/com/projetologic/controller/json/MotivoNegativaDiariaJsonMixin_Roo_JSONMixin.aj
/home/diego/Spring/workspace-sts-3.9.1.RELEASE/apps/projetoLogic/src/main/java/br/com/projetologic/controller/json/ProdutosDevolvidosCollectionJsonController.java
/home/diego/Spring/workspace-sts-3.9.1.RELEASE/apps/projetoLogic/src/main/java/br/com/projetologic/controller/json/ContratosCollectionJsonController_Roo_JSON.aj
/home/diego/Spring/workspace-sts-3.9.1.RELEASE/apps/projetoLogic/src/main/java/br/com/projetologic/controller/json/MotoristasItemJsonController_Roo_JSON.aj
/home/diego/Spring/workspace-sts-3.9.1.RELEASE/apps/projetoLogic/src/main/java/br/com/projetologic/controller/json/EmbarcadorDeserializer.java
/home/diego/Spring/workspace-sts-3.9.1.RELEASE/apps/projetoLogic/src/main/java/br/com/projetologic/controller/json/MotivosNegativasDiariasCollectionJsonController.java
/home/diego/Spring/workspace-sts-3.9.1.RELEASE/apps/projetoLogic/src/main/java/br/com/projetologic/controller/json/ClienteDeserializer.java
/home/diego/Spring/workspace-sts-3.9.1.RELEASE/apps/projetoLogic/src/main/java/br/com/projetologic/controller/json/ClientesItemJsonController_Roo_JSON.aj
/home/diego/Spring/workspace-sts-3.9.1.RELEASE/apps/projetoLogic/src/main/java/br/com/projetologic/controller/json/MotivoNegativaDiariaDeserializer.java
/home/diego/Spring/workspace-sts-3.9.1.RELEASE/apps/projetoLogic/src/main/java/br/com/projetologic/controller/json/ProdutosDevolvidosItemJsonController_Roo_JSON.aj
/home/diego/Spring/workspace-sts-3.9.1.RELEASE/apps/projetoLogic/src/main/java/br/com/projetologic/controller/json/ViagemJsonMixin.java
/home/diego/Spring/workspace-sts-3.9.1.RELEASE/apps/projetoLogic/src/main/java/br/com/projetologic/controller/json/MotivoPerdaAgendaDeserializer.java
/home/diego/Spring/workspace-sts-3.9.1.RELEASE/apps/projetoLogic/src/main/java/br/com/projetologic/controller/json/MotivoPerdaAgendaDeserializer_Roo_EntityDeserializer.aj
/home/diego/Spring/workspace-sts-3.9.1.RELEASE/apps/projetoLogic/src/main/java/br/com/projetologic/controller/json/RegrasCollectionJsonController_Roo_JSON.aj
/home/diego/Spring/workspace-sts-3.9.1.RELEASE/apps/projetoLogic/src/main/java/br/com/projetologic/controller/json/VeiculosItemJsonController_Roo_JSON.aj
/home/diego/Spring/workspace-sts-3.9.1.RELEASE/apps/projetoLogic/src/main/java/br/com/projetologic/controller/json/MotoristasCollectionJsonController.java
/home/diego/Spring/workspace-sts-3.9.1.RELEASE/apps/projetoLogic/src/main/java/br/com/projetologic/controller/json/ModelosConjuntosItemJsonController_Roo_JSON.aj
/home/diego/Spring/workspace-sts-3.9.1.RELEASE/apps/projetoLogic/src/main/java/br/com/projetologic/controller/json/ContratoDeserializer.java
/home/diego/Spring/workspace-sts-3.9.1.RELEASE/apps/projetoLogic/src/main/java/br/com/projetologic/controller/json/ProdutoDevolvidoDeserializer_Roo_EntityDeserializer.aj
/home/diego/Spring/workspace-sts-3.9.1.RELEASE/apps/projetoLogic/src/main/java/br/com/projetologic/controller/json/MotoristaDeserializer.java
/home/diego/Spring/workspace-sts-3.9.1.RELEASE/apps/projetoLogic/src/main/java/br/com/projetologic/controller/json/UsuariosCollectionJsonController_Roo_JSON.aj
/home/diego/Spring/workspace-sts-3.9.1.RELEASE/apps/projetoLogic/src/main/java/br/com/projetologic/controller/json/ViagemDeserializer_Roo_EntityDeserializer.aj
/home/diego/Spring/workspace-sts-3.9.1.RELEASE/apps/projetoLogic/src/main/java/br/com/projetologic/controller/json/ViagensCollectionJsonController_Roo_JSON.aj
/home/diego/Spring/workspace-sts-3.9.1.RELEASE/apps/projetoLogic/src/main/java/br/com/projetologic/controller/json/UsuariosItemJsonController.java
/home/diego/Spring/workspace-sts-3.9.1.RELEASE/apps/projetoLogic/src/main/java/br/com/projetologic/controller/json/ProdutoDevolvidoDeserializer.java
/home/diego/Spring/workspace-sts-3.9.1.RELEASE/apps/projetoLogic/src/main/java/br/com/projetologic/controller/json/MotivosNegativasDescargasCollectionJsonController.java
/home/diego/Spring/workspace-sts-3.9.1.RELEASE/apps/projetoLogic/src/main/java/br/com/projetologic/controller/json/EmbarcadorJsonMixin_Roo_JSONMixin.aj
/home/diego/Spring/workspace-sts-3.9.1.RELEASE/apps/projetoLogic/src/main/java/br/com/projetologic/controller/json/EmbarcadoresCollectionJsonController_Roo_JSON.aj
/home/diego/Spring/workspace-sts-3.9.1.RELEASE/apps/projetoLogic/src/main/java/br/com/projetologic/controller/json/ModelosVeiculosCollectionJsonController.java
/home/diego/Spring/workspace-sts-3.9.1.RELEASE/apps/projetoLogic/src/main/java/br/com/projetologic/controller/json/UsuariosItemJsonController_Roo_JSON.aj
/home/diego/Spring/workspace-sts-3.9.1.RELEASE/apps/projetoLogic/src/main/java/br/com/projetologic/controller/json/MotivoNegativaDiariaDeserializer_Roo_EntityDeserializer.aj
/home/diego/Spring/workspace-sts-3.9.1.RELEASE/apps/projetoLogic/src/main/java/br/com/projetologic/controller/json/ModelosVeiculosCollectionJsonController_Roo_JSON.aj
/home/diego/Spring/workspace-sts-3.9.1.RELEASE/apps/projetoLogic/src/main/java/br/com/projetologic/controller/json/RegrasCollectionJsonController.java
/home/diego/Spring/workspace-sts-3.9.1.RELEASE/apps/projetoLogic/src/main/java/br/com/projetologic/controller/json/MotivoNegativaDescargaJsonMixin.java
/home/diego/Spring/workspace-sts-3.9.1.RELEASE/apps/projetoLogic/src/main/java/br/com/projetologic/controller/json/VeiculosCollectionJsonController.java
/home/diego/Spring/workspace-sts-3.9.1.RELEASE/apps/projetoLogic/src/main/java/br/com/projetologic/controller/json/MotivoNegativaDescargaDeserializer_Roo_EntityDeserializer.aj
/home/diego/Spring/workspace-sts-3.9.1.RELEASE/apps/projetoLogic/src/main/java/br/com/projetologic/controller/json/ContratoDeserializer_Roo_EntityDeserializer.aj
/home/diego/Spring/workspace-sts-3.9.1.RELEASE/apps/projetoLogic/src/main/java/br/com/projetologic/controller/json/MotivosPerdasAgendasItemJsonController.java
/home/diego/Spring/workspace-sts-3.9.1.RELEASE/apps/projetoLogic/src/main/java/br/com/projetologic/controller/json/ProdutosDevolvidosItemJsonController.java
/home/diego/Spring/workspace-sts-3.9.1.RELEASE/apps/projetoLogic/src/main/java/br/com/projetologic/controller/json/VeiculosCollectionJsonController_Roo_JSON.aj
/home/diego/Spring/workspace-sts-3.9.1.RELEASE/apps/projetoLogic/src/main/java/br/com/projetologic/controller/json/ModeloVeiculoDeserializer_Roo_EntityDeserializer.aj
/home/diego/Spring/workspace-sts-3.9.1.RELEASE/apps/projetoLogic/src/main/java/br/com/projetologic/controller/json/ProdutoDevolvidoJsonMixin.java
/home/diego/Spring/workspace-sts-3.9.1.RELEASE/apps/projetoLogic/src/main/java/br/com/projetologic/controller/json/MotoristaJsonMixin_Roo_JSONMixin.aj
/home/diego/Spring/workspace-sts-3.9.1.RELEASE/apps/projetoLogic/src/main/java/br/com/projetologic/controller/json/MotivoNegativaDiariaJsonMixin.java
/home/diego/Spring/workspace-sts-3.9.1.RELEASE/apps/projetoLogic/src/main/java/br/com/projetologic/controller/json/ViagemDeserializer.java
/home/diego/Spring/workspace-sts-3.9.1.RELEASE/apps/projetoLogic/src/main/java/br/com/projetologic/controller/json/ClientesCollectionJsonController_Roo_JSON.aj
/home/diego/Spring/workspace-sts-3.9.1.RELEASE/apps/projetoLogic/src/main/java/br/com/projetologic/controller/json/ViagensItemJsonController.java
/home/diego/Spring/workspace-sts-3.9.1.RELEASE/apps/projetoLogic/src/main/java/br/com/projetologic/controller/json/ProdutoDevolvidoJsonMixin_Roo_JSONMixin.aj
/home/diego/Spring/workspace-sts-3.9.1.RELEASE/apps/projetoLogic/src/main/java/br/com/projetologic/controller/json/RegraJsonMixin.java
/home/diego/Spring/workspace-sts-3.9.1.RELEASE/apps/projetoLogic/src/main/java/br/com/projetologic/controller/json/ContratoJsonMixin.java
/home/diego/Spring/workspace-sts-3.9.1.RELEASE/apps/projetoLogic/src/main/java/br/com/projetologic/controller/json/MotoristasItemJsonController.java
/home/diego/Spring/workspace-sts-3.9.1.RELEASE/apps/projetoLogic/src/main/java/br/com/projetologic/controller/json/EmbarcadoresCollectionJsonController.java
/home/diego/Spring/workspace-sts-3.9.1.RELEASE/apps/projetoLogic/src/main/java/br/com/projetologic/controller/json/EmbarcadoresItemJsonController.java
/home/diego/Spring/workspace-sts-3.9.1.RELEASE/apps/projetoLogic/src/main/java/br/com/projetologic/controller/json/MotivosNegativasDiariasCollectionJsonController_Roo_JSON.aj
/home/diego/Spring/workspace-sts-3.9.1.RELEASE/apps/projetoLogic/src/main/java/br/com/projetologic/controller/json/ClientesCollectionJsonController.java
/home/diego/Spring/workspace-sts-3.9.1.RELEASE/apps/projetoLogic/src/main/java/br/com/projetologic/controller/json/VeiculosItemJsonController.java
/home/diego/Spring/workspace-sts-3.9.1.RELEASE/apps/projetoLogic/src/main/java/br/com/projetologic/controller/json/ModeloConjuntoDeserializer.java
/home/diego/Spring/workspace-sts-3.9.1.RELEASE/apps/projetoLogic/src/main/java/br/com/projetologic/controller/json/MotivosNegativasDescargasItemJsonController_Roo_JSON.aj
/home/diego/Spring/workspace-sts-3.9.1.RELEASE/apps/projetoLogic/src/main/java/br/com/projetologic/controller/json/ContratosCollectionJsonController.java
/home/diego/Spring/workspace-sts-3.9.1.RELEASE/apps/projetoLogic/src/main/java/br/com/projetologic/controller/json/ContratosItemJsonController_Roo_JSON.aj
/home/diego/Spring/workspace-sts-3.9.1.RELEASE/apps/projetoLogic/src/main/java/br/com/projetologic/controller/json/ModelosConjuntosItemJsonController.java
/home/diego/Spring/workspace-sts-3.9.1.RELEASE/apps/projetoLogic/src/main/java/br/com/projetologic/controller/json/VeiculoJsonMixin.java
/home/diego/Spring/workspace-sts-3.9.1.RELEASE/apps/projetoLogic/src/main/java/br/com/projetologic/controller/json/EmbarcadorDeserializer_Roo_EntityDeserializer.aj
/home/diego/Spring/workspace-sts-3.9.1.RELEASE/apps/projetoLogic/src/main/java/br/com/projetologic/controller/json/ViagensItemJsonController_Roo_JSON.aj
/home/diego/Spring/workspace-sts-3.9.1.RELEASE/apps/projetoLogic/src/main/java/br/com/projetologic/controller/json/RegrasItemJsonController_Roo_JSON.aj
/home/diego/Spring/workspace-sts-3.9.1.RELEASE/apps/projetoLogic/src/main/java/br/com/projetologic/controller/json/MotivosPerdasAgendasCollectionJsonController.java
/home/diego/Spring/workspace-sts-3.9.1.RELEASE/apps/projetoLogic/src/main/java/br/com/projetologic/controller/json/ContratosItemJsonController.java
/home/diego/Spring/workspace-sts-3.9.1.RELEASE/apps/projetoLogic/src/main/java/br/com/projetologic/controller/json/EmbarcadoresItemJsonController_Roo_JSON.aj
/home/diego/Spring/workspace-sts-3.9.1.RELEASE/apps/projetoLogic/src/main/java/br/com/projetologic/controller/json/MotoristasCollectionJsonController_Roo_JSON.aj
/home/diego/Spring/workspace-sts-3.9.1.RELEASE/apps/projetoLogic/src/main/java/br/com/projetologic/controller/json/EmbarcadorJsonMixin.java
/home/diego/Spring/workspace-sts-3.9.1.RELEASE/apps/projetoLogic/src/main/java/br/com/projetologic/controller/json/ModeloVeiculoJsonMixin.java
/home/diego/Spring/workspace-sts-3.9.1.RELEASE/apps/projetoLogic/src/main/java/br/com/projetologic/controller/json/ModelosConjuntosCollectionJsonController_Roo_JSON.aj
/home/diego/Spring/workspace-sts-3.9.1.RELEASE/apps/projetoLogic/src/main/java/br/com/projetologic/controller/json/ClienteJsonMixin_Roo_JSONMixin.aj
/home/diego/Spring/workspace-sts-3.9.1.RELEASE/apps/projetoLogic/src/main/java/br/com/projetologic/controller/json/ContratoJsonMixin_Roo_JSONMixin.aj
/home/diego/Spring/workspace-sts-3.9.1.RELEASE/apps/projetoLogic/src/main/java/br/com/projetologic/controller/json/MotivoPerdaAgendaJsonMixin.java
/home/diego/Spring/workspace-sts-3.9.1.RELEASE/apps/projetoLogic/src/main/java/br/com/projetologic/controller/json/ModeloConjuntoDeserializer_Roo_EntityDeserializer.aj
/home/diego/Spring/workspace-sts-3.9.1.RELEASE/apps/projetoLogic/src/main/java/br/com/projetologic/controller/json/ViagemJsonMixin_Roo_JSONMixin.aj
/home/diego/Spring/workspace-sts-3.9.1.RELEASE/apps/projetoLogic/src/main/java/br/com/projetologic/controller/json/MotoristaDeserializer_Roo_EntityDeserializer.aj
/home/diego/Spring/workspace-sts-3.9.1.RELEASE/apps/projetoLogic/src/main/java/br/com/projetologic/controller/json/ModeloConjuntoJsonMixin.java
/home/diego/Spring/workspace-sts-3.9.1.RELEASE/apps/projetoLogic/src/main/java/br/com/projetologic/controller/json/MotivoNegativaDescargaDeserializer.java
/home/diego/Spring/workspace-sts-3.9.1.RELEASE/apps/projetoLogic/src/main/java/br/com/projetologic/controller/json/RegraDeserializer_Roo_EntityDeserializer.aj
/home/diego/Spring/workspace-sts-3.9.1.RELEASE/apps/projetoLogic/src/main/java/br/com/projetologic/controller/json/ProdutosDevolvidosCollectionJsonController_Roo_JSON.aj
/home/diego/Spring/workspace-sts-3.9.1.RELEASE/apps/projetoLogic/src/main/java/br/com/projetologic/controller/json/MotivosNegativasDiariasItemJsonController_Roo_JSON.aj
/home/diego/Spring/workspace-sts-3.9.1.RELEASE/apps/projetoLogic/src/main/java/br/com/projetologic/controller/json/ClienteJsonMixin.java
/home/diego/Spring/workspace-sts-3.9.1.RELEASE/apps/projetoLogic/src/main/java/br/com/projetologic/controller/json/UsuarioJsonMixin_Roo_JSONMixin.aj
/home/diego/Spring/workspace-sts-3.9.1.RELEASE/apps/projetoLogic/src/main/java/br/com/projetologic/controller/json/MotoristaJsonMixin.java
/home/diego/Spring/workspace-sts-3.9.1.RELEASE/apps/projetoLogic/src/main/java/br/com/projetologic/controller/json/VeiculoJsonMixin_Roo_JSONMixin.aj
/home/diego/Spring/workspace-sts-3.9.1.RELEASE/apps/projetoLogic/src/main/java/br/com/projetologic/controller/json/UsuarioDeserializer.java
/home/diego/Spring/workspace-sts-3.9.1.RELEASE/apps/projetoLogic/src/main/java/br/com/projetologic/controller/json/UsuarioJsonMixin.java
/home/diego/Spring/workspace-sts-3.9.1.RELEASE/apps/projetoLogic/src/main/java/br/com/projetologic/controller/json/VeiculoDeserializer.java
/home/diego/Spring/workspace-sts-3.9.1.RELEASE/apps/projetoLogic/src/main/java/br/com/projetologic/controller/json/MotivosNegativasDescargasCollectionJsonController_Roo_JSON.aj
/home/diego/Spring/workspace-sts-3.9.1.RELEASE/apps/projetoLogic/src/main/java/br/com/projetologic/controller/json/MotivoNegativaDescargaJsonMixin_Roo_JSONMixin.aj
/home/diego/Spring/workspace-sts-3.9.1.RELEASE/apps/projetoLogic/src/main/java/br/com/projetologic/controller/json/ModeloVeiculoJsonMixin_Roo_JSONMixin.aj
/home/diego/Spring/workspace-sts-3.9.1.RELEASE/apps/projetoLogic/src/main/java/br/com/projetologic/controller/json/MotivosPerdasAgendasCollectionJsonController_Roo_JSON.aj
/home/diego/Spring/workspace-sts-3.9.1.RELEASE/apps/projetoLogic/src/main/java/br/com/projetologic/controller/json/ClientesItemJsonController.java
/home/diego/Spring/workspace-sts-3.9.1.RELEASE/apps/projetoLogic/src/main/java/br/com/projetologic/model/Embarcador_Roo_Jpa_Audit.aj
/home/diego/Spring/workspace-sts-3.9.1.RELEASE/apps/projetoLogic/src/main/java/br/com/projetologic/model/ProdutoDevolvido.java
/home/diego/Spring/workspace-sts-3.9.1.RELEASE/apps/projetoLogic/src/main/java/br/com/projetologic/model/Embarcador.java
/home/diego/Spring/workspace-sts-3.9.1.RELEASE/apps/projetoLogic/src/main/java/br/com/projetologic/model/Usuario_Roo_JavaBean.aj
/home/diego/Spring/workspace-sts-3.9.1.RELEASE/apps/projetoLogic/src/main/java/br/com/projetologic/model/Veiculo_Roo_JavaBean.aj
/home/diego/Spring/workspace-sts-3.9.1.RELEASE/apps/projetoLogic/src/main/java/br/com/projetologic/model/ModeloConjunto_Roo_Jpa_Audit.aj
/home/diego/Spring/workspace-sts-3.9.1.RELEASE/apps/projetoLogic/src/main/java/br/com/projetologic/model/Viagem.java
/home/diego/Spring/workspace-sts-3.9.1.RELEASE/apps/projetoLogic/src/main/java/br/com/projetologic/model/Embarcador_Roo_JavaBean.aj
/home/diego/Spring/workspace-sts-3.9.1.RELEASE/apps/projetoLogic/src/main/java/br/com/projetologic/model/Contrato_Roo_Jpa_Audit.aj
/home/diego/Spring/workspace-sts-3.9.1.RELEASE/apps/projetoLogic/src/main/java/br/com/projetologic/model/MotivoNegativaDiaria_Roo_JavaBean.aj
/home/diego/Spring/workspace-sts-3.9.1.RELEASE/apps/projetoLogic/src/main/java/br/com/projetologic/model/MotivoNegativaDiaria_Roo_Jpa_Audit.aj
/home/diego/Spring/workspace-sts-3.9.1.RELEASE/apps/projetoLogic/src/main/java/br/com/projetologic/model/Contrato_Roo_JavaBean.aj
/home/diego/Spring/workspace-sts-3.9.1.RELEASE/apps/projetoLogic/src/main/java/br/com/projetologic/model/ModeloVeiculo.java
/home/diego/Spring/workspace-sts-3.9.1.RELEASE/apps/projetoLogic/src/main/java/br/com/projetologic/model/Motorista.java
/home/diego/Spring/workspace-sts-3.9.1.RELEASE/apps/projetoLogic/src/main/java/br/com/projetologic/model/MotivoNegativaDescarga_Roo_Jpa_Audit.aj
/home/diego/Spring/workspace-sts-3.9.1.RELEASE/apps/projetoLogic/src/main/java/br/com/projetologic/model/MotivoNegativaDescarga_Roo_Jpa_Entity.aj
/home/diego/Spring/workspace-sts-3.9.1.RELEASE/apps/projetoLogic/src/main/java/br/com/projetologic/model/ModeloConjunto_Roo_JavaBean.aj
/home/diego/Spring/workspace-sts-3.9.1.RELEASE/apps/projetoLogic/src/main/java/br/com/projetologic/model/MotivoNegativaDescarga_Roo_JavaBean.aj
/home/diego/Spring/workspace-sts-3.9.1.RELEASE/apps/projetoLogic/src/main/java/br/com/projetologic/model/ProdutoDevolvido_Roo_Jpa_Audit.aj
/home/diego/Spring/workspace-sts-3.9.1.RELEASE/apps/projetoLogic/src/main/java/br/com/projetologic/model/Viagem_Roo_Jpa_Entity.aj
/home/diego/Spring/workspace-sts-3.9.1.RELEASE/apps/projetoLogic/src/main/java/br/com/projetologic/model/Regra_Roo_Jpa_Entity.aj
/home/diego/Spring/workspace-sts-3.9.1.RELEASE/apps/projetoLogic/src/main/java/br/com/projetologic/model/MotivoPerdaAgenda_Roo_Jpa_Audit.aj
/home/diego/Spring/workspace-sts-3.9.1.RELEASE/apps/projetoLogic/src/main/java/br/com/projetologic/model/Cliente_Roo_Jpa_Audit.aj
/home/diego/Spring/workspace-sts-3.9.1.RELEASE/apps/projetoLogic/src/main/java/br/com/projetologic/model/MotivoNegativaDiaria.java
/home/diego/Spring/workspace-sts-3.9.1.RELEASE/apps/projetoLogic/src/main/java/br/com/projetologic/model/ProdutoDevolvido_Roo_JavaBean.aj
/home/diego/Spring/workspace-sts-3.9.1.RELEASE/apps/projetoLogic/src/main/java/br/com/projetologic/model/MotivoPerdaAgenda.java
/home/diego/Spring/workspace-sts-3.9.1.RELEASE/apps/projetoLogic/src/main/java/br/com/projetologic/model/Contrato_Roo_Jpa_Entity.aj
/home/diego/Spring/workspace-sts-3.9.1.RELEASE/apps/projetoLogic/src/main/java/br/com/projetologic/model/MotivoPerdaAgenda_Roo_JavaBean.aj
/home/diego/Spring/workspace-sts-3.9.1.RELEASE/apps/projetoLogic/src/main/java/br/com/projetologic/model/Contrato.java
/home/diego/Spring/workspace-sts-3.9.1.RELEASE/apps/projetoLogic/src/main/java/br/com/projetologic/model/reference/StatusViagem.java
/home/diego/Spring/workspace-sts-3.9.1.RELEASE/apps/projetoLogic/src/main/java/br/com/projetologic/model/reference/Cidade.java
/home/diego/Spring/workspace-sts-3.9.1.RELEASE/apps/projetoLogic/src/main/java/br/com/projetologic/model/reference/VerdadeiroFalso.java
/home/diego/Spring/workspace-sts-3.9.1.RELEASE/apps/projetoLogic/src/main/java/br/com/projetologic/model/reference/StatusDevolucao.java
/home/diego/Spring/workspace-sts-3.9.1.RELEASE/apps/projetoLogic/src/main/java/br/com/projetologic/model/reference/TipoVeiculo.java
/home/diego/Spring/workspace-sts-3.9.1.RELEASE/apps/projetoLogic/src/main/java/br/com/projetologic/model/reference/Status.java
/home/diego/Spring/workspace-sts-3.9.1.RELEASE/apps/projetoLogic/src/main/java/br/com/projetologic/model/Viagem_Roo_JavaBean.aj
/home/diego/Spring/workspace-sts-3.9.1.RELEASE/apps/projetoLogic/src/main/java/br/com/projetologic/model/MotivoNegativaDiaria_Roo_Jpa_Entity.aj
/home/diego/Spring/workspace-sts-3.9.1.RELEASE/apps/projetoLogic/src/main/java/br/com/projetologic/model/ProdutoDevolvido_Roo_Jpa_Entity.aj
/home/diego/Spring/workspace-sts-3.9.1.RELEASE/apps/projetoLogic/src/main/java/br/com/projetologic/model/ModeloVeiculo_Roo_Jpa_Entity.aj
/home/diego/Spring/workspace-sts-3.9.1.RELEASE/apps/projetoLogic/src/main/java/br/com/projetologic/model/Regra_Roo_Jpa_Audit.aj
/home/diego/Spring/workspace-sts-3.9.1.RELEASE/apps/projetoLogic/src/main/java/br/com/projetologic/model/Veiculo_Roo_Jpa_Entity.aj
/home/diego/Spring/workspace-sts-3.9.1.RELEASE/apps/projetoLogic/src/main/java/br/com/projetologic/model/Regra.java
/home/diego/Spring/workspace-sts-3.9.1.RELEASE/apps/projetoLogic/src/main/java/br/com/projetologic/model/Veiculo_Roo_Jpa_Audit.aj
/home/diego/Spring/workspace-sts-3.9.1.RELEASE/apps/projetoLogic/src/main/java/br/com/projetologic/model/Cliente_Roo_JavaBean.aj
/home/diego/Spring/workspace-sts-3.9.1.RELEASE/apps/projetoLogic/src/main/java/br/com/projetologic/model/MotivoPerdaAgenda_Roo_Jpa_Entity.aj
/home/diego/Spring/workspace-sts-3.9.1.RELEASE/apps/projetoLogic/src/main/java/br/com/projetologic/model/Cliente_Roo_Jpa_Entity.aj
/home/diego/Spring/workspace-sts-3.9.1.RELEASE/apps/projetoLogic/src/main/java/br/com/projetologic/model/Cliente.java
/home/diego/Spring/workspace-sts-3.9.1.RELEASE/apps/projetoLogic/src/main/java/br/com/projetologic/model/Usuario_Roo_Jpa_Entity.aj
/home/diego/Spring/workspace-sts-3.9.1.RELEASE/apps/projetoLogic/src/main/java/br/com/projetologic/model/Motorista_Roo_Jpa_Audit.aj
/home/diego/Spring/workspace-sts-3.9.1.RELEASE/apps/projetoLogic/src/main/java/br/com/projetologic/model/Viagem_Roo_Jpa_Audit.aj
/home/diego/Spring/workspace-sts-3.9.1.RELEASE/apps/projetoLogic/src/main/java/br/com/projetologic/model/Veiculo.java
/home/diego/Spring/workspace-sts-3.9.1.RELEASE/apps/projetoLogic/src/main/java/br/com/projetologic/model/ModeloConjunto_Roo_Jpa_Entity.aj
/home/diego/Spring/workspace-sts-3.9.1.RELEASE/apps/projetoLogic/src/main/java/br/com/projetologic/model/ModeloVeiculo_Roo_Jpa_Audit.aj
/home/diego/Spring/workspace-sts-3.9.1.RELEASE/apps/projetoLogic/src/main/java/br/com/projetologic/model/Embarcador_Roo_Jpa_Entity.aj
/home/diego/Spring/workspace-sts-3.9.1.RELEASE/apps/projetoLogic/src/main/java/br/com/projetologic/model/Usuario.java
/home/diego/Spring/workspace-sts-3.9.1.RELEASE/apps/projetoLogic/src/main/java/br/com/projetologic/model/Motorista_Roo_JavaBean.aj
/home/diego/Spring/workspace-sts-3.9.1.RELEASE/apps/projetoLogic/src/main/java/br/com/projetologic/model/ModeloVeiculo_Roo_JavaBean.aj
/home/diego/Spring/workspace-sts-3.9.1.RELEASE/apps/projetoLogic/src/main/java/br/com/projetologic/model/Motorista_Roo_Jpa_Entity.aj
/home/diego/Spring/workspace-sts-3.9.1.RELEASE/apps/projetoLogic/src/main/java/br/com/projetologic/model/ModeloConjunto.java
/home/diego/Spring/workspace-sts-3.9.1.RELEASE/apps/projetoLogic/src/main/java/br/com/projetologic/model/Usuario_Roo_Jpa_Audit.aj
/home/diego/Spring/workspace-sts-3.9.1.RELEASE/apps/projetoLogic/src/main/java/br/com/projetologic/model/MotivoNegativaDescarga.java
/home/diego/Spring/workspace-sts-3.9.1.RELEASE/apps/projetoLogic/src/main/java/br/com/projetologic/model/Regra_Roo_JavaBean.aj
/home/diego/Spring/workspace-sts-3.9.1.RELEASE/apps/projetoLogic/src/main/java/br/com/projetologic/ProjetoLogicApplication.java
/home/diego/Spring/workspace-sts-3.9.1.RELEASE/apps/projetoLogic/src/main/java/br/com/projetologic/config/WebSecurityConfig.java
/home/diego/Spring/workspace-sts-3.9.1.RELEASE/apps/projetoLogic/src/main/java/br/com/projetologic/config/SpringDataJpaDetachableRepositoryConfiguration.java
/home/diego/Spring/workspace-sts-3.9.1.RELEASE/apps/projetoLogic/src/main/java/br/com/projetologic/config/WebMvcConfiguration.java
/home/diego/Spring/workspace-sts-3.9.1.RELEASE/apps/projetoLogic/src/main/java/br/com/projetologic/config/jackson/DomainModelModule_Roo_DomainModelModule.aj
/home/diego/Spring/workspace-sts-3.9.1.RELEASE/apps/projetoLogic/src/main/java/br/com/projetologic/config/jackson/DomainModelModule.java
/home/diego/Spring/workspace-sts-3.9.1.RELEASE/apps/projetoLogic/src/main/java/br/com/projetologic/config/WebMvcConfiguration_Roo_ThymeleafUIConfiguration.aj
/home/diego/Spring/workspace-sts-3.9.1.RELEASE/apps/projetoLogic/src/main/java/br/com/projetologic/config/SpringDataJpaDetachableRepositoryConfiguration_Roo_Jpa_Repository_Configuration.aj
/home/diego/Spring/workspace-sts-3.9.1.RELEASE/apps/projetoLogic/src/main/java/br/com/projetologic/config/WebMvcConfiguration_Roo_WebMvcConfiguration.aj
/home/diego/Spring/workspace-sts-3.9.1.RELEASE/apps/projetoLogic/src/main/java/br/com/projetologic/web/MainController.java
/home/diego/Spring/workspace-sts-3.9.1.RELEASE/apps/projetoLogic/src/main/java/br/com/projetologic/web/advices/ConcurrencyExceptionManager.java
/home/diego/Spring/workspace-sts-3.9.1.RELEASE/apps/projetoLogic/src/main/java/br/com/projetologic/web/reports/ExportingErrorException.java
/home/diego/Spring/workspace-sts-3.9.1.RELEASE/apps/projetoLogic/src/main/java/br/com/projetologic/web/reports/JasperReportsXlsExporter.java
/home/diego/Spring/workspace-sts-3.9.1.RELEASE/apps/projetoLogic/src/main/java/br/com/projetologic/web/reports/JasperReportsPdfExporter.java
/home/diego/Spring/workspace-sts-3.9.1.RELEASE/apps/projetoLogic/src/main/java/br/com/projetologic/web/reports/JasperReportsCsvExporter.java
/home/diego/Spring/workspace-sts-3.9.1.RELEASE/apps/projetoLogic/src/main/java/br/com/projetologic/web/reports/JasperReportsExporter.java
/home/diego/Spring/workspace-sts-3.9.1.RELEASE/apps/projetoLogic/src/main/java/br/com/projetologic/web/MainController_Roo_Thymeleaf_MainController.aj
/home/diego/Spring/workspace-sts-3.9.1.RELEASE/apps/projetoLogic/src/main/java/br/com/projetologic/security/UserCustomizando.java
/home/diego/Spring/workspace-sts-3.9.1.RELEASE/apps/projetoLogic/src/main/java/br/com/projetologic/security/ImplementsUserDetailsService.java
/home/diego/Spring/workspace-sts-3.9.1.RELEASE/apps/projetoLogic/target/generated-sources/java/br/com/projetologic/model/QModeloConjunto.java
/home/diego/Spring/workspace-sts-3.9.1.RELEASE/apps/projetoLogic/target/generated-sources/java/br/com/projetologic/model/QViagem.java
/home/diego/Spring/workspace-sts-3.9.1.RELEASE/apps/projetoLogic/target/generated-sources/java/br/com/projetologic/model/QProdutoDevolvido.java
/home/diego/Spring/workspace-sts-3.9.1.RELEASE/apps/projetoLogic/target/generated-sources/java/br/com/projetologic/model/QRegra.java
/home/diego/Spring/workspace-sts-3.9.1.RELEASE/apps/projetoLogic/target/generated-sources/java/br/com/projetologic/model/QMotorista.java
/home/diego/Spring/workspace-sts-3.9.1.RELEASE/apps/projetoLogic/target/generated-sources/java/br/com/projetologic/model/QUsuario.java
/home/diego/Spring/workspace-sts-3.9.1.RELEASE/apps/projetoLogic/target/generated-sources/java/br/com/projetologic/model/QEmbarcador.java
/home/diego/Spring/workspace-sts-3.9.1.RELEASE/apps/projetoLogic/target/generated-sources/java/br/com/projetologic/model/QModeloVeiculo.java
/home/diego/Spring/workspace-sts-3.9.1.RELEASE/apps/projetoLogic/target/generated-sources/java/br/com/projetologic/model/QContrato.java
/home/diego/Spring/workspace-sts-3.9.1.RELEASE/apps/projetoLogic/target/generated-sources/java/br/com/projetologic/model/QCliente.java
/home/diego/Spring/workspace-sts-3.9.1.RELEASE/apps/projetoLogic/target/generated-sources/java/br/com/projetologic/model/QMotivoPerdaAgenda.java
/home/diego/Spring/workspace-sts-3.9.1.RELEASE/apps/projetoLogic/target/generated-sources/java/br/com/projetologic/model/QMotivoNegativaDiaria.java
/home/diego/Spring/workspace-sts-3.9.1.RELEASE/apps/projetoLogic/target/generated-sources/java/br/com/projetologic/model/QMotivoNegativaDescarga.java
/home/diego/Spring/workspace-sts-3.9.1.RELEASE/apps/projetoLogic/target/generated-sources/java/br/com/projetologic/model/QVeiculo.java
